/********* start new time layer 1 *************/
current time layer: [0., 0.000502513]
current L^2 error = 0.999969  14.5694  14.5689
current error: [0.999969]

/********* start new time layer 1001 *************/
current time layer: [0.502513, 0.503015]
current L^2 error = 0.983114  14.5694  14.3234
current error: [0.983114]

/********* start new time layer 2001 *************/
current time layer: [1.00503, 1.00553]
current L^2 error = 0.97073  14.5694  14.1429
current error: [0.97073]

/********* start new time layer 3001 *************/
current time layer: [1.50754, 1.50804]
current L^2 error = 0.958649  14.5694  13.9669
current error: [0.958649]

/********* start new time layer 4001 *************/
current time layer: [2.01005, 2.01055]
current L^2 error = 0.945775  14.5694  13.7794
current error: [0.945775]

/********* start new time layer 5001 *************/
current time layer: [2.51256, 2.51307]
current L^2 error = 0.933633  14.5694  13.6024
current error: [0.933633]

/********* start new time layer 6001 *************/
current time layer: [3.01508, 3.01558]
current L^2 error = 0.921015  14.5694  13.4186
current error: [0.921015]

/********* start new time layer 7001 *************/
current time layer: [3.51759, 3.51809]
current L^2 error = 0.908758  14.5694  13.24
current error: [0.908758]

/********* start new time layer 8001 *************/
current time layer: [4.0201, 4.0206]
current L^2 error = 0.896539  14.5694  13.062
current error: [0.896539]

/********* start new time layer 9001 *************/
current time layer: [4.52261, 4.52312]
current L^2 error = 0.884411  14.5694  12.8853
current error: [0.884411]

/********* start new time layer 10001 *************/
current time layer: [5.02513, 5.02563]
current L^2 error = 0.872455  14.5694  12.7111
current error: [0.872455]

/********* start new time layer 11001 *************/
current time layer: [5.52764, 5.52814]
current L^2 error = 0.860564  14.5694  12.5379
current error: [0.860564]

/********* start new time layer 12001 *************/
current time layer: [6.03015, 6.03065]
current L^2 error = 0.848872  14.5694  12.3675
current error: [0.848872]

/********* start new time layer 13001 *************/
current time layer: [6.53266, 6.53317]
current L^2 error = 0.837252  14.5694  12.1982
current error: [0.837252]

/********* start new time layer 14001 *************/
current time layer: [7.03518, 7.03568]
current L^2 error = 0.825797  14.5694  12.0314
current error: [0.825797]

/********* start new time layer 15001 *************/
current time layer: [7.53769, 7.53819]
current L^2 error = 0.814472  14.5694  11.8663
current error: [0.814472]

/********* start new time layer 16001 *************/
current time layer: [8.0402, 8.0407]
current L^2 error = 0.803276  14.5694  11.7032
current error: [0.803276]

/********* start new time layer 17001 *************/
current time layer: [8.54271, 8.54322]
current L^2 error = 0.792222  14.5694  11.5422
current error: [0.792222]

/********* start new time layer 18001 *************/
current time layer: [9.04523, 9.04573]
current L^2 error = 0.781301  14.5694  11.3831
current error: [0.781301]

/********* start new time layer 19001 *************/
current time layer: [9.54774, 9.54824]
current L^2 error = 0.770521  14.5694  11.226
current error: [0.770521]

/********* start new time layer 20001 *************/
current time layer: [10.0503, 10.0508]
current L^2 error = 0.759872  14.5694  11.0709
current error: [0.759872]

/********* start new time layer 21001 *************/
current time layer: [10.5528, 10.5533]
current L^2 error = 0.749362  14.5694  10.9177
current error: [0.749362]

/********* start new time layer 22001 *************/
current time layer: [11.0553, 11.0558]
current L^2 error = 0.738987  14.5694  10.7666
current error: [0.738987]

/********* start new time layer 23001 *************/
current time layer: [11.5578, 11.5583]
current L^2 error = 0.728746  14.5694  10.6174
current error: [0.728746]

/********* start new time layer 24001 *************/
current time layer: [12.0603, 12.0608]
current L^2 error = 0.718638  14.5694  10.4701
current error: [0.718638]

/********* start new time layer 25001 *************/
current time layer: [12.5628, 12.5633]
current L^2 error = 0.708663  14.5694  10.3248
current error: [0.708663]

/********* start new time layer 26001 *************/
current time layer: [13.0653, 13.0658]
current L^2 error = 0.698819  14.5694  10.1814
current error: [0.698819]

/********* start new time layer 27001 *************/
current time layer: [13.5678, 13.5683]
current L^2 error = 0.689105  14.5694  10.0398
current error: [0.689105]

/********* start new time layer 28001 *************/
current time layer: [14.0704, 14.0709]
current L^2 error = 0.67952  14.5694  9.90018
current error: [0.67952]

/********* start new time layer 29001 *************/
current time layer: [14.5729, 14.5734]
current L^2 error = 0.670063  14.5694  9.76239
current error: [0.670063]

/********* start new time layer 30001 *************/
current time layer: [15.0754, 15.0759]
current L^2 error = 0.660731  14.5694  9.62644
current error: [0.660731]

/********* start new time layer 31001 *************/
current time layer: [15.5779, 15.5784]
current L^2 error = 0.651525  14.5694  9.49232
current error: [0.651525]

/********* start new time layer 32001 *************/
current time layer: [16.0804, 16.0809]
current L^2 error = 0.642443  14.5694  9.35999
current error: [0.642443]

/********* start new time layer 33001 *************/
current time layer: [16.5829, 16.5834]
current L^2 error = 0.633483  14.5694  9.22945
current error: [0.633483]

/********* start new time layer 34001 *************/
current time layer: [17.0854, 17.0859]
current L^2 error = 0.624644  14.5694  9.10067
current error: [0.624644]

/********* start new time layer 35001 *************/
current time layer: [17.5879, 17.5884]
current L^2 error = 0.615925  14.5694  8.97364
current error: [0.615925]

/********* start new time layer 36001 *************/
current time layer: [18.0905, 18.091]
current L^2 error = 0.607324  14.5694  8.84833
current error: [0.607324]

/********* start new time layer 37001 *************/
current time layer: [18.593, 18.5935]
current L^2 error = 0.59884  14.5694  8.72472
current error: [0.59884]

/********* start new time layer 38001 *************/
current time layer: [19.0955, 19.096]
current L^2 error = 0.590472  14.5694  8.6028
current error: [0.590472]

/********* start new time layer 39001 *************/
current time layer: [19.598, 19.5985]
current L^2 error = 0.582218  14.5694  8.48256
current error: [0.582218]

/********* start new time layer 40001 *************/
current time layer: [20.1005, 20.101]
current L^2 error = 0.574078  14.5694  8.36395
current error: [0.574078]

/********* start new time layer 41001 *************/
current time layer: [20.603, 20.6035]
current L^2 error = 0.566049  14.5694  8.24698
current error: [0.566049]

/********* start new time layer 42001 *************/
current time layer: [21.1055, 21.106]
current L^2 error = 0.558131  14.5694  8.13163
current error: [0.558131]

/********* start new time layer 43001 *************/
current time layer: [21.608, 21.6085]
current L^2 error = 0.550323  14.5694  8.01786
current error: [0.550323]

/********* start new time layer 44001 *************/
current time layer: [22.1106, 22.1111]
current L^2 error = 0.542623  14.5694  7.90567
current error: [0.542623]

/********* start new time layer 45001 *************/
current time layer: [22.6131, 22.6136]
current L^2 error = 0.53503  14.5694  7.79505
current error: [0.53503]

/********* start new time layer 46001 *************/
current time layer: [23.1156, 23.1161]
current L^2 error = 0.527542  14.5694  7.68596
current error: [0.527542]

/********* start new time layer 47001 *************/
current time layer: [23.6181, 23.6186]
current L^2 error = 0.520159  14.5694  7.57839
current error: [0.520159]

/********* start new time layer 48001 *************/
current time layer: [24.1206, 24.1211]
current L^2 error = 0.51288  14.5694  7.47234
current error: [0.51288]

/********* start new time layer 49001 *************/
current time layer: [24.6231, 24.6236]
current L^2 error = 0.505702  14.5694  7.36777
current error: [0.505702]

/********* start new time layer 50001 *************/
current time layer: [25.1256, 25.1261]
current L^2 error = 0.498626  14.5694  7.26467
current error: [0.498626]

/********* start new time layer 51001 *************/
current time layer: [25.6281, 25.6286]
current L^2 error = 0.49165  14.5694  7.16304
current error: [0.49165]

/********* start new time layer 52001 *************/
current time layer: [26.1307, 26.1312]
current L^2 error = 0.484773  14.5694  7.06284
current error: [0.484773]

/********* start new time layer 53001 *************/
current time layer: [26.6332, 26.6337]
current L^2 error = 0.477994  14.5694  6.96407
current error: [0.477994]

/********* start new time layer 54001 *************/
current time layer: [27.1357, 27.1362]
current L^2 error = 0.471311  14.5694  6.86671
current error: [0.471311]

/********* start new time layer 55001 *************/
current time layer: [27.6382, 27.6387]
current L^2 error = 0.464725  14.5694  6.77075
current error: [0.464725]

/********* start new time layer 56001 *************/
current time layer: [28.1407, 28.1412]
current L^2 error = 0.458232  14.5694  6.67616
current error: [0.458232]

/********* start new time layer 57001 *************/
current time layer: [28.6432, 28.6437]
current L^2 error = 0.451834  14.5694  6.58294
current error: [0.451834]

/********* start new time layer 58001 *************/
current time layer: [29.1457, 29.1462]
current L^2 error = 0.445528  14.5694  6.49106
current error: [0.445528]

/********* start new time layer 59001 *************/
current time layer: [29.6482, 29.6487]
current L^2 error = 0.439314  14.5694  6.40052
current error: [0.439314]

/********* start new time layer 60001 *************/
current time layer: [30.1508, 30.1513]
current L^2 error = 0.43319  14.5694  6.31131
current error: [0.43319]

/********* start new time layer 61001 *************/
current time layer: [30.6533, 30.6538]
current L^2 error = 0.427156  14.5694  6.22339
current error: [0.427156]

/********* start new time layer 62001 *************/
current time layer: [31.1558, 31.1563]
current L^2 error = 0.421211  14.5694  6.13677
current error: [0.421211]

/********* start new time layer 63001 *************/
current time layer: [31.6583, 31.6588]
current L^2 error = 0.415353  14.5694  6.05143
current error: [0.415353]

/********* start new time layer 64001 *************/
current time layer: [32.1608, 32.1613]
current L^2 error = 0.409582  14.5694  5.96736
current error: [0.409582]

/********* start new time layer 65001 *************/
current time layer: [32.6633, 32.6638]
current L^2 error = 0.403897  14.5694  5.88453
current error: [0.403897]

/********* start new time layer 66001 *************/
current time layer: [33.1658, 33.1663]
current L^2 error = 0.398298  14.5694  5.80295
current error: [0.398298]

/********* start new time layer 67001 *************/
current time layer: [33.6683, 33.6688]
current L^2 error = 0.392782  14.5694  5.72259
current error: [0.392782]

/********* start new time layer 68001 *************/
current time layer: [34.1709, 34.1714]
current L^2 error = 0.38735  14.5694  5.64344
current error: [0.38735]

/********* start new time layer 69001 *************/
current time layer: [34.6734, 34.6739]
current L^2 error = 0.382  14.5694  5.5655
current error: [0.382]

/********* start new time layer 70001 *************/
current time layer: [35.1759, 35.1764]
current L^2 error = 0.376731  14.5694  5.48874
current error: [0.376731]

/********* start new time layer 71001 *************/
current time layer: [35.6784, 35.6789]
current L^2 error = 0.371543  14.5694  5.41316
current error: [0.371543]

/********* start new time layer 72001 *************/
current time layer: [36.1809, 36.1814]
current L^2 error = 0.366436  14.5694  5.33874
current error: [0.366436]

/********* start new time layer 73001 *************/
current time layer: [36.6834, 36.6839]
current L^2 error = 0.361407  14.5694  5.26547
current error: [0.361407]

/********* start new time layer 74001 *************/
current time layer: [37.1859, 37.1864]
current L^2 error = 0.356457  14.5694  5.19335
current error: [0.356457]

/********* start new time layer 75001 *************/
current time layer: [37.6884, 37.6889]
current L^2 error = 0.351584  14.5694  5.12235
current error: [0.351584]

/********* start new time layer 76001 *************/
current time layer: [38.191, 38.1915]
current L^2 error = 0.346788  14.5694  5.05248
current error: [0.346788]

/********* start new time layer 77001 *************/
current time layer: [38.6935, 38.694]
current L^2 error = 0.342067  14.5694  4.98371
current error: [0.342067]

/********* start new time layer 78001 *************/
current time layer: [39.196, 39.1965]
current L^2 error = 0.337422  14.5694  4.91603
current error: [0.337422]

/********* start new time layer 79001 *************/
current time layer: [39.6985, 39.699]
current L^2 error = 0.332852  14.5694  4.84944
current error: [0.332852]

/********* start new time layer 80001 *************/
current time layer: [40.201, 40.2015]
current L^2 error = 0.328355  14.5694  4.78393
current error: [0.328355]

/********* start new time layer 81001 *************/
current time layer: [40.7035, 40.704]
current L^2 error = 0.323932  14.5694  4.71948
current error: [0.323932]

/********* start new time layer 82001 *************/
current time layer: [41.206, 41.2065]
current L^2 error = 0.31958  14.5694  4.65609
current error: [0.31958]

/********* start new time layer 83001 *************/
current time layer: [41.7085, 41.709]
current L^2 error = 0.315301  14.5694  4.59373
current error: [0.315301]

/********* start new time layer 84001 *************/
current time layer: [42.2111, 42.2116]
current L^2 error = 0.311092  14.5694  4.53241
current error: [0.311092]

/********* start new time layer 85001 *************/
current time layer: [42.7136, 42.7141]
current L^2 error = 0.306953  14.5694  4.47212
current error: [0.306953]

/********* start new time layer 86001 *************/
current time layer: [43.2161, 43.2166]
current L^2 error = 0.302885  14.5694  4.41284
current error: [0.302885]

/********* start new time layer 87001 *************/
current time layer: [43.7186, 43.7191]
current L^2 error = 0.298885  14.5694  4.35456
current error: [0.298885]

/********* start new time layer 88001 *************/
current time layer: [44.2211, 44.2216]
current L^2 error = 0.294953  14.5694  4.29728
current error: [0.294953]

/********* start new time layer 89001 *************/
current time layer: [44.7236, 44.7241]
current L^2 error = 0.291089  14.5694  4.24099
current error: [0.291089]

/********* start new time layer 90001 *************/
current time layer: [45.2261, 45.2266]
current L^2 error = 0.287292  14.5694  4.18567
current error: [0.287292]

/********* start new time layer 91001 *************/
current time layer: [45.7286, 45.7291]
current L^2 error = 0.283562  14.5694  4.13132
current error: [0.283562]

/********* start new time layer 92001 *************/
current time layer: [46.2312, 46.2317]
current L^2 error = 0.279897  14.5694  4.07793
current error: [0.279897]

/********* start new time layer 93001 *************/
current time layer: [46.7337, 46.7342]
current L^2 error = 0.276298  14.5694  4.02548
current error: [0.276298]

/********* start new time layer 94001 *************/
current time layer: [47.2362, 47.2367]
current L^2 error = 0.272763  14.5694  3.97398
current error: [0.272763]

/********* start new time layer 95001 *************/
current time layer: [47.7387, 47.7392]
current L^2 error = 0.269292  14.5694  3.92341
current error: [0.269292]

/********* start new time layer 96001 *************/
current time layer: [48.2412, 48.2417]
current L^2 error = 0.265884  14.5694  3.87376
current error: [0.265884]

/********* start new time layer 97001 *************/
current time layer: [48.7437, 48.7442]
current L^2 error = 0.262539  14.5694  3.82503
current error: [0.262539]

/********* start new time layer 98001 *************/
current time layer: [49.2462, 49.2467]
current L^2 error = 0.259257  14.5694  3.77721
current error: [0.259257]

/********* start new time layer 99001 *************/
current time layer: [49.7487, 49.7492]
current L^2 error = 0.256036  14.5694  3.73028
current error: [0.256036]

/********* start new time layer 100001 *************/
current time layer: [50.2513, 50.2518]
current L^2 error = 0.252876  14.5694  3.68424
current error: [0.252876]

/********* start new time layer 101001 *************/
current time layer: [50.7538, 50.7543]
current L^2 error = 0.249777  14.5694  3.63909
current error: [0.249777]

/********* start new time layer 102001 *************/
current time layer: [51.2563, 51.2568]
current L^2 error = 0.246737  14.5694  3.59481
current error: [0.246737]

/********* start new time layer 103001 *************/
current time layer: [51.7588, 51.7593]
current L^2 error = 0.243757  14.5694  3.55139
current error: [0.243757]

/********* start new time layer 104001 *************/
current time layer: [52.2613, 52.2618]
current L^2 error = 0.240836  14.5694  3.50884
current error: [0.240836]

/********* start new time layer 105001 *************/
current time layer: [52.7638, 52.7643]
current L^2 error = 0.237974  14.5694  3.46713
current error: [0.237974]

/********* start new time layer 106001 *************/
current time layer: [53.2663, 53.2668]
current L^2 error = 0.235169  14.5694  3.42626
current error: [0.235169]

/********* start new time layer 107001 *************/
current time layer: [53.7688, 53.7693]
current L^2 error = 0.232421  14.5694  3.38623
current error: [0.232421]

/********* start new time layer 108001 *************/
current time layer: [54.2714, 54.2719]
current L^2 error = 0.22973  14.5694  3.34702
current error: [0.22973]

/********* start new time layer 109001 *************/
current time layer: [54.7739, 54.7744]
current L^2 error = 0.227095  14.5694  3.30863
current error: [0.227095]

/********* start new time layer 110001 *************/
current time layer: [55.2764, 55.2769]
current L^2 error = 0.224516  14.5694  3.27106
current error: [0.224516]

/********* start new time layer 111001 *************/
current time layer: [55.7789, 55.7794]
current L^2 error = 0.221992  14.5694  3.23428
current error: [0.221992]

/********* start new time layer 112001 *************/
current time layer: [56.2814, 56.2819]
current L^2 error = 0.219522  14.5694  3.1983
current error: [0.219522]

/********* start new time layer 113001 *************/
current time layer: [56.7839, 56.7844]
current L^2 error = 0.217107  14.5694  3.16311
current error: [0.217107]

/********* start new time layer 114001 *************/
current time layer: [57.2864, 57.2869]
current L^2 error = 0.214744  14.5694  3.12869
current error: [0.214744]

/********* start new time layer 115001 *************/
current time layer: [57.7889, 57.7894]
current L^2 error = 0.212435  14.5694  3.09505
current error: [0.212435]

/********* start new time layer 116001 *************/
current time layer: [58.2915, 58.292]
current L^2 error = 0.210179  14.5694  3.06217
current error: [0.210179]

/********* start new time layer 117001 *************/
current time layer: [58.794, 58.7945]
current L^2 error = 0.207974  14.5694  3.03005
current error: [0.207974]

/********* start new time layer 118001 *************/
current time layer: [59.2965, 59.297]
current L^2 error = 0.20582  14.5694  2.99867
current error: [0.20582]

/********* start new time layer 119001 *************/
current time layer: [59.799, 59.7995]
current L^2 error = 0.203717  14.5694  2.96803
current error: [0.203717]

/********* start new time layer 120001 *************/
current time layer: [60.3015, 60.302]
current L^2 error = 0.201665  14.5694  2.93813
current error: [0.201665]

/********* start new time layer 121001 *************/
current time layer: [60.804, 60.8045]
current L^2 error = 0.199662  14.5694  2.90895
current error: [0.199662]

/********* start new time layer 122001 *************/
current time layer: [61.3065, 61.307]
current L^2 error = 0.197708  14.5694  2.88049
current error: [0.197708]

/********* start new time layer 123001 *************/
current time layer: [61.809, 61.8095]
current L^2 error = 0.195803  14.5694  2.85273
current error: [0.195803]

/********* start new time layer 124001 *************/
current time layer: [62.3116, 62.3121]
current L^2 error = 0.193946  14.5694  2.82568
current error: [0.193946]

/********* start new time layer 125001 *************/
current time layer: [62.8141, 62.8146]
current L^2 error = 0.192137  14.5694  2.79931
current error: [0.192137]

/********* start new time layer 126001 *************/
current time layer: [63.3166, 63.3171]
current L^2 error = 0.190374  14.5694  2.77363
current error: [0.190374]

/********* start new time layer 127001 *************/
current time layer: [63.8191, 63.8196]
current L^2 error = 0.188658  14.5694  2.74863
current error: [0.188658]

/********* start new time layer 128001 *************/
current time layer: [64.3216, 64.3221]
current L^2 error = 0.186988  14.5694  2.72429
current error: [0.186988]

/********* start new time layer 129001 *************/
current time layer: [64.8241, 64.8246]
current L^2 error = 0.185363  14.5694  2.70062
current error: [0.185363]

/********* start new time layer 130001 *************/
current time layer: [65.3266, 65.3271]
current L^2 error = 0.183782  14.5694  2.67759
current error: [0.183782]

/********* start new time layer 131001 *************/
current time layer: [65.8291, 65.8296]
current L^2 error = 0.182245  14.5694  2.6552
current error: [0.182245]

/********* start new time layer 132001 *************/
current time layer: [66.3317, 66.3322]
current L^2 error = 0.180752  14.5694  2.63345
current error: [0.180752]

/********* start new time layer 133001 *************/
current time layer: [66.8342, 66.8347]
current L^2 error = 0.179302  14.5694  2.61232
current error: [0.179302]

/********* start new time layer 134001 *************/
current time layer: [67.3367, 67.3372]
current L^2 error = 0.177894  14.5694  2.59181
current error: [0.177894]

/********* start new time layer 135001 *************/
current time layer: [67.8392, 67.8397]
current L^2 error = 0.176528  14.5694  2.57191
current error: [0.176528]

/********* start new time layer 136001 *************/
current time layer: [68.3417, 68.3422]
current L^2 error = 0.175203  14.5694  2.5526
current error: [0.175203]

/********* start new time layer 137001 *************/
current time layer: [68.8442, 68.8447]
current L^2 error = 0.173918  14.5694  2.53388
current error: [0.173918]

/********* start new time layer 138001 *************/
current time layer: [69.3467, 69.3472]
current L^2 error = 0.172674  14.5694  2.51575
current error: [0.172674]

/********* start new time layer 139001 *************/
current time layer: [69.8492, 69.8497]
current L^2 error = 0.171468  14.5694  2.49818
current error: [0.171468]

/********* start new time layer 140001 *************/
current time layer: [70.3518, 70.3523]
current L^2 error = 0.170301  14.5694  2.48118
current error: [0.170301]

/********* start new time layer 141001 *************/
current time layer: [70.8543, 70.8548]
current L^2 error = 0.169172  14.5694  2.46473
current error: [0.169172]

/********* start new time layer 142001 *************/
current time layer: [71.3568, 71.3573]
current L^2 error = 0.168081  14.5694  2.44883
current error: [0.168081]

/********* start new time layer 143001 *************/
current time layer: [71.8593, 71.8598]
current L^2 error = 0.167026  14.5694  2.43346
current error: [0.167026]

/********* start new time layer 144001 *************/
current time layer: [72.3618, 72.3623]
current L^2 error = 0.166007  14.5694  2.41862
current error: [0.166007]

/********* start new time layer 145001 *************/
current time layer: [72.8643, 72.8648]
current L^2 error = 0.165023  14.5694  2.40429
current error: [0.165023]

/********* start new time layer 146001 *************/
current time layer: [73.3668, 73.3673]
current L^2 error = 0.164075  14.5694  2.39047
current error: [0.164075]

/********* start new time layer 147001 *************/
current time layer: [73.8693, 73.8698]
current L^2 error = 0.163161  14.5694  2.37715
current error: [0.163161]

/********* start new time layer 148001 *************/
current time layer: [74.3719, 74.3724]
current L^2 error = 0.16228  14.5694  2.36431
current error: [0.16228]

/********* start new time layer 149001 *************/
current time layer: [74.8744, 74.8749]
current L^2 error = 0.161432  14.5694  2.35196
current error: [0.161432]

/********* start new time layer 150001 *************/
current time layer: [75.3769, 75.3774]
current L^2 error = 0.160616  14.5694  2.34007
current error: [0.160616]

/********* start new time layer 151001 *************/
current time layer: [75.8794, 75.8799]
current L^2 error = 0.159832  14.5694  2.32865
current error: [0.159832]

/********* start new time layer 152001 *************/
current time layer: [76.3819, 76.3824]
current L^2 error = 0.159079  14.5694  2.31768
current error: [0.159079]

/********* start new time layer 153001 *************/
current time layer: [76.8844, 76.8849]
current L^2 error = 0.158356  14.5694  2.30714
current error: [0.158356]

/********* start new time layer 154001 *************/
current time layer: [77.3869, 77.3874]
current L^2 error = 0.157663  14.5694  2.29704
current error: [0.157663]

/********* start new time layer 155001 *************/
current time layer: [77.8894, 77.8899]
current L^2 error = 0.156998  14.5694  2.28737
current error: [0.156998]

/********* start new time layer 156001 *************/
current time layer: [78.392, 78.3925]
current L^2 error = 0.156362  14.5694  2.2781
current error: [0.156362]

/********* start new time layer 157001 *************/
current time layer: [78.8945, 78.895]
current L^2 error = 0.155754  14.5694  2.26924
current error: [0.155754]

/********* start new time layer 158001 *************/
current time layer: [79.397, 79.3975]
current L^2 error = 0.155173  14.5694  2.26078
current error: [0.155173]

/********* start new time layer 159001 *************/
current time layer: [79.8995, 79.9]
current L^2 error = 0.154619  14.5694  2.2527
current error: [0.154619]

/********* start new time layer 160001 *************/
current time layer: [80.402, 80.4025]
current L^2 error = 0.15409  14.5694  2.245
current error: [0.15409]

/********* start new time layer 161001 *************/
current time layer: [80.9045, 80.905]
current L^2 error = 0.153587  14.5694  2.23766
current error: [0.153587]

/********* start new time layer 162001 *************/
current time layer: [81.407, 81.4075]
current L^2 error = 0.153108  14.5694  2.23068
current error: [0.153108]

/********* start new time layer 163001 *************/
current time layer: [81.9095, 81.9101]
current L^2 error = 0.152653  14.5694  2.22406
current error: [0.152653]

/********* start new time layer 164001 *************/
current time layer: [82.4121, 82.4126]
current L^2 error = 0.152221  14.5694  2.21777
current error: [0.152221]

/********* start new time layer 165001 *************/
current time layer: [82.9146, 82.9151]
current L^2 error = 0.151812  14.5694  2.21181
current error: [0.151812]

/********* start new time layer 166001 *************/
current time layer: [83.4171, 83.4176]
current L^2 error = 0.151426  14.5694  2.20618
current error: [0.151426]

/********* start new time layer 167001 *************/
current time layer: [83.9196, 83.9201]
current L^2 error = 0.151061  14.5694  2.20086
current error: [0.151061]

/********* start new time layer 168001 *************/
current time layer: [84.4221, 84.4226]
current L^2 error = 0.150716  14.5694  2.19584
current error: [0.150716]

/********* start new time layer 169001 *************/
current time layer: [84.9246, 84.9251]
current L^2 error = 0.150393  14.5694  2.19113
current error: [0.150393]

/********* start new time layer 170001 *************/
current time layer: [85.4271, 85.4276]
current L^2 error = 0.150089  14.5694  2.1867
current error: [0.150089]

/********* start new time layer 171001 *************/
current time layer: [85.9296, 85.9302]
current L^2 error = 0.149804  14.5694  2.18255
current error: [0.149804]

/********* start new time layer 172001 *************/
current time layer: [86.4322, 86.4327]
current L^2 error = 0.149538  14.5694  2.17868
current error: [0.149538]

/********* start new time layer 173001 *************/
current time layer: [86.9347, 86.9352]
current L^2 error = 0.14929  14.5694  2.17507
current error: [0.14929]

/********* start new time layer 174001 *************/
current time layer: [87.4372, 87.4377]
current L^2 error = 0.14906  14.5694  2.17171
current error: [0.14906]

/********* start new time layer 175001 *************/
current time layer: [87.9397, 87.9402]
current L^2 error = 0.148847  14.5694  2.16861
current error: [0.148847]

/********* start new time layer 176001 *************/
current time layer: [88.4422, 88.4427]
current L^2 error = 0.14865  14.5694  2.16574
current error: [0.14865]

/********* start new time layer 177001 *************/
current time layer: [88.9447, 88.9452]
current L^2 error = 0.14847  14.5694  2.16311
current error: [0.14847]

/********* start new time layer 178001 *************/
current time layer: [89.4472, 89.4477]
current L^2 error = 0.148305  14.5694  2.16071
current error: [0.148305]

/********* start new time layer 179001 *************/
current time layer: [89.9497, 89.9503]
current L^2 error = 0.148155  14.5694  2.15852
current error: [0.148155]

/********* start new time layer 180001 *************/
current time layer: [90.4523, 90.4528]
current L^2 error = 0.148019  14.5694  2.15655
current error: [0.148019]

/********* start new time layer 181001 *************/
current time layer: [90.9548, 90.9553]
current L^2 error = 0.147898  14.5694  2.15478
current error: [0.147898]

/********* start new time layer 182001 *************/
current time layer: [91.4573, 91.4578]
current L^2 error = 0.14779  14.5694  2.15321
current error: [0.14779]

/********* start new time layer 183001 *************/
current time layer: [91.9598, 91.9603]
current L^2 error = 0.147695  14.5694  2.15183
current error: [0.147695]

/********* start new time layer 184001 *************/
current time layer: [92.4623, 92.4628]
current L^2 error = 0.147613  14.5694  2.15064
current error: [0.147613]

/********* start new time layer 185001 *************/
current time layer: [92.9648, 92.9653]
current L^2 error = 0.147544  14.5694  2.14962
current error: [0.147544]

/********* start new time layer 186001 *************/
current time layer: [93.4673, 93.4678]
current L^2 error = 0.147486  14.5694  2.14878
current error: [0.147486]

/********* start new time layer 187001 *************/
current time layer: [93.9698, 93.9704]
current L^2 error = 0.147439  14.5694  2.1481
current error: [0.147439]

/********* start new time layer 188001 *************/
current time layer: [94.4724, 94.4729]
current L^2 error = 0.147404  14.5694  2.14758
current error: [0.147404]

/********* start new time layer 189001 *************/
current time layer: [94.9749, 94.9754]
current L^2 error = 0.147379  14.5694  2.14722
current error: [0.147379]

/********* start new time layer 190001 *************/
current time layer: [95.4774, 95.4779]
current L^2 error = 0.147364  14.5694  2.147
current error: [0.147364]

/********* start new time layer 191001 *************/
current time layer: [95.9799, 95.9804]
current L^2 error = 0.147359  14.5694  2.14693
current error: [0.147359]

/********* start new time layer 192001 *************/
current time layer: [96.4824, 96.4829]
current L^2 error = 0.147363  14.5694  2.14699
current error: [0.147363]

/********* start new time layer 193001 *************/
current time layer: [96.9849, 96.9854]
current L^2 error = 0.147377  14.5694  2.14719
current error: [0.147377]

/********* start new time layer 194001 *************/
current time layer: [97.4874, 97.4879]
current L^2 error = 0.147399  14.5694  2.14751
current error: [0.147399]

/********* start new time layer 195001 *************/
current time layer: [97.9899, 97.9905]
current L^2 error = 0.14743  14.5694  2.14796
current error: [0.14743]

/********* start new time layer 196001 *************/
current time layer: [98.4925, 98.493]
current L^2 error = 0.147469  14.5694  2.14852
current error: [0.147469]

/********* start new time layer 197001 *************/
current time layer: [98.995, 98.9955]
current L^2 error = 0.147515  14.5694  2.1492
current error: [0.147515]

/********* start new time layer 198001 *************/
current time layer: [99.4975, 99.498]
current L^2 error = 0.147569  14.5694  2.14998
current error: [0.147569]

/********* start new time layer 199001 *************/
current time layer: [100., 100.001]
current L^2 error = 0.147629  14.5694  2.15087
current error: [0.147629]

/********* start new time layer 200001 *************/
current time layer: [100.503, 100.503]
current L^2 error = 0.147697  14.5694  2.15185
current error: [0.147697]

/********* start new time layer 201001 *************/
current time layer: [101.005, 101.006]
current L^2 error = 0.147771  14.5694  2.15293
current error: [0.147771]

/********* start new time layer 202001 *************/
current time layer: [101.508, 101.508]
current L^2 error = 0.147851  14.5694  2.1541
current error: [0.147851]

/********* start new time layer 203001 *************/
current time layer: [102.01, 102.011]
current L^2 error = 0.147938  14.5694  2.15536
current error: [0.147938]

/********* start new time layer 204001 *************/
current time layer: [102.513, 102.513]
current L^2 error = 0.148029  14.5694  2.1567
current error: [0.148029]

/********* start new time layer 205001 *************/
current time layer: [103.015, 103.016]
current L^2 error = 0.148127  14.5694  2.15811
current error: [0.148127]

/********* start new time layer 206001 *************/
current time layer: [103.518, 103.518]
current L^2 error = 0.148229  14.5694  2.15961
current error: [0.148229]

/********* start new time layer 207001 *************/
current time layer: [104.02, 104.021]
current L^2 error = 0.148336  14.5694  2.16117
current error: [0.148336]

/********* start new time layer 208001 *************/
current time layer: [104.523, 104.523]
current L^2 error = 0.148448  14.5694  2.1628
current error: [0.148448]

/********* start new time layer 209001 *************/
current time layer: [105.025, 105.026]
current L^2 error = 0.148565  14.5694  2.1645
current error: [0.148565]

/********* start new time layer 210001 *************/
current time layer: [105.528, 105.528]
current L^2 error = 0.148685  14.5694  2.16625
current error: [0.148685]

/********* start new time layer 211001 *************/
current time layer: [106.03, 106.031]
current L^2 error = 0.14881  14.5694  2.16807
current error: [0.14881]

/********* start new time layer 212001 *************/
current time layer: [106.533, 106.533]
current L^2 error = 0.148938  14.5694  2.16994
current error: [0.148938]

/********* start new time layer 213001 *************/
current time layer: [107.035, 107.036]
current L^2 error = 0.14907  14.5694  2.17186
current error: [0.14907]

/********* start new time layer 214001 *************/
current time layer: [107.538, 107.538]
current L^2 error = 0.149206  14.5694  2.17384
current error: [0.149206]

/********* start new time layer 215001 *************/
current time layer: [108.04, 108.041]
current L^2 error = 0.149344  14.5694  2.17585
current error: [0.149344]

/********* start new time layer 216001 *************/
current time layer: [108.543, 108.543]
current L^2 error = 0.149486  14.5694  2.17792
current error: [0.149486]

/********* start new time layer 217001 *************/
current time layer: [109.045, 109.046]
current L^2 error = 0.14963  14.5694  2.18002
current error: [0.14963]

/********* start new time layer 218001 *************/
current time layer: [109.548, 109.548]
current L^2 error = 0.149778  14.5694  2.18217
current error: [0.149778]

/********* start new time layer 219001 *************/
current time layer: [110.05, 110.051]
current L^2 error = 0.149927  14.5694  2.18435
current error: [0.149927]

/********* start new time layer 220001 *************/
current time layer: [110.553, 110.553]
current L^2 error = 0.150079  14.5694  2.18656
current error: [0.150079]

/********* start new time layer 221001 *************/
current time layer: [111.055, 111.056]
current L^2 error = 0.150233  14.5694  2.18881
current error: [0.150233]

/********* start new time layer 222001 *************/
current time layer: [111.558, 111.558]
current L^2 error = 0.15039  14.5694  2.19108
current error: [0.15039]

/********* start new time layer 223001 *************/
current time layer: [112.06, 112.061]
current L^2 error = 0.150548  14.5694  2.19339
current error: [0.150548]

/********* start new time layer 224001 *************/
current time layer: [112.563, 112.563]
current L^2 error = 0.150708  14.5694  2.19572
current error: [0.150708]

/********* start new time layer 225001 *************/
current time layer: [113.065, 113.066]
current L^2 error = 0.150869  14.5694  2.19807
current error: [0.150869]

/********* start new time layer 226001 *************/
current time layer: [113.568, 113.568]
current L^2 error = 0.151032  14.5694  2.20045
current error: [0.151032]

/********* start new time layer 227001 *************/
current time layer: [114.07, 114.071]
current L^2 error = 0.151197  14.5694  2.20284
current error: [0.151197]

/********* start new time layer 228001 *************/
current time layer: [114.573, 114.573]
current L^2 error = 0.151362  14.5694  2.20525
current error: [0.151362]

/********* start new time layer 229001 *************/
current time layer: [115.075, 115.076]
current L^2 error = 0.151529  14.5694  2.20769
current error: [0.151529]

/********* start new time layer 230001 *************/
current time layer: [115.578, 115.578]
current L^2 error = 0.151697  14.5694  2.21013
current error: [0.151697]

/********* start new time layer 231001 *************/
current time layer: [116.08, 116.081]
current L^2 error = 0.151866  14.5694  2.21259
current error: [0.151866]

/********* start new time layer 232001 *************/
current time layer: [116.583, 116.583]
current L^2 error = 0.152036  14.5694  2.21506
current error: [0.152036]

/********* start new time layer 233001 *************/
current time layer: [117.085, 117.086]
current L^2 error = 0.152206  14.5694  2.21754
current error: [0.152206]

/********* start new time layer 234001 *************/
current time layer: [117.588, 117.588]
current L^2 error = 0.152377  14.5694  2.22004
current error: [0.152377]

/********* start new time layer 235001 *************/
current time layer: [118.09, 118.091]
current L^2 error = 0.152548  14.5694  2.22254
current error: [0.152548]

/********* start new time layer 236001 *************/
current time layer: [118.593, 118.593]
current L^2 error = 0.152721  14.5694  2.22504
current error: [0.152721]

/********* start new time layer 237001 *************/
current time layer: [119.095, 119.096]
current L^2 error = 0.152893  14.5694  2.22755
current error: [0.152893]

/********* start new time layer 238001 *************/
current time layer: [119.598, 119.598]
current L^2 error = 0.153066  14.5694  2.23007
current error: [0.153066]

/********* start new time layer 239001 *************/
current time layer: [120.101, 120.101]
current L^2 error = 0.153239  14.5694  2.23259
current error: [0.153239]

/********* start new time layer 240001 *************/
current time layer: [120.603, 120.604]
current L^2 error = 0.153412  14.5694  2.23511
current error: [0.153412]

/********* start new time layer 241001 *************/
current time layer: [121.106, 121.106]
current L^2 error = 0.153585  14.5694  2.23763
current error: [0.153585]

/********* start new time layer 242001 *************/
current time layer: [121.608, 121.609]
current L^2 error = 0.153758  14.5694  2.24016
current error: [0.153758]

/********* start new time layer 243001 *************/
current time layer: [122.111, 122.111]
current L^2 error = 0.153931  14.5694  2.24268
current error: [0.153931]

/********* start new time layer 244001 *************/
current time layer: [122.613, 122.614]
current L^2 error = 0.154104  14.5694  2.2452
current error: [0.154104]

/********* start new time layer 245001 *************/
current time layer: [123.116, 123.116]
current L^2 error = 0.154277  14.5694  2.24771
current error: [0.154277]

/********* start new time layer 246001 *************/
current time layer: [123.618, 123.619]
current L^2 error = 0.154449  14.5694  2.25023
current error: [0.154449]

/********* start new time layer 247001 *************/
current time layer: [124.121, 124.121]
current L^2 error = 0.154621  14.5694  2.25274
current error: [0.154621]

/********* start new time layer 248001 *************/
current time layer: [124.623, 124.624]
current L^2 error = 0.154793  14.5694  2.25524
current error: [0.154793]

/********* start new time layer 249001 *************/
current time layer: [125.126, 125.126]
current L^2 error = 0.154965  14.5694  2.25774
current error: [0.154965]

/********* start new time layer 250001 *************/
current time layer: [125.628, 125.629]
current L^2 error = 0.155136  14.5694  2.26023
current error: [0.155136]

/********* start new time layer 251001 *************/
current time layer: [126.131, 126.131]
current L^2 error = 0.155306  14.5694  2.26272
current error: [0.155306]

/********* start new time layer 252001 *************/
current time layer: [126.633, 126.634]
current L^2 error = 0.155476  14.5694  2.26519
current error: [0.155476]

/********* start new time layer 253001 *************/
current time layer: [127.136, 127.136]
current L^2 error = 0.155646  14.5694  2.26766
current error: [0.155646]

/********* start new time layer 254001 *************/
current time layer: [127.638, 127.639]
current L^2 error = 0.155815  14.5694  2.27012
current error: [0.155815]

/********* start new time layer 255001 *************/
current time layer: [128.141, 128.141]
current L^2 error = 0.155983  14.5694  2.27257
current error: [0.155983]

/********* start new time layer 256001 *************/
current time layer: [128.643, 128.644]
current L^2 error = 0.15615  14.5694  2.27501
current error: [0.15615]

/********* start new time layer 257001 *************/
current time layer: [129.146, 129.146]
current L^2 error = 0.156317  14.5694  2.27744
current error: [0.156317]

/********* start new time layer 258001 *************/
current time layer: [129.648, 129.649]
current L^2 error = 0.156483  14.5694  2.27986
current error: [0.156483]

/********* start new time layer 259001 *************/
current time layer: [130.151, 130.151]
current L^2 error = 0.156648  14.5694  2.28227
current error: [0.156648]

/********* start new time layer 260001 *************/
current time layer: [130.653, 130.654]
current L^2 error = 0.156813  14.5694  2.28466
current error: [0.156813]

/********* start new time layer 261001 *************/
current time layer: [131.156, 131.156]
current L^2 error = 0.156976  14.5694  2.28705
current error: [0.156976]

/********* start new time layer 262001 *************/
current time layer: [131.658, 131.659]
current L^2 error = 0.157139  14.5694  2.28942
current error: [0.157139]

/********* start new time layer 263001 *************/
current time layer: [132.161, 132.161]
current L^2 error = 0.157301  14.5694  2.29177
current error: [0.157301]

/********* start new time layer 264001 *************/
current time layer: [132.663, 132.664]
current L^2 error = 0.157462  14.5694  2.29412
current error: [0.157462]

/********* start new time layer 265001 *************/
current time layer: [133.166, 133.166]
current L^2 error = 0.157622  14.5694  2.29645
current error: [0.157622]

/********* start new time layer 266001 *************/
current time layer: [133.668, 133.669]
current L^2 error = 0.157781  14.5694  2.29877
current error: [0.157781]

/********* start new time layer 267001 *************/
current time layer: [134.171, 134.171]
current L^2 error = 0.157939  14.5694  2.30107
current error: [0.157939]

/********* start new time layer 268001 *************/
current time layer: [134.673, 134.674]
current L^2 error = 0.158096  14.5694  2.30335
current error: [0.158096]

/********* start new time layer 269001 *************/
current time layer: [135.176, 135.176]
current L^2 error = 0.158252  14.5694  2.30563
current error: [0.158252]

/********* start new time layer 270001 *************/
current time layer: [135.678, 135.679]
current L^2 error = 0.158407  14.5694  2.30789
current error: [0.158407]

/********* start new time layer 271001 *************/
current time layer: [136.181, 136.181]
current L^2 error = 0.158561  14.5694  2.31013
current error: [0.158561]

/********* start new time layer 272001 *************/
current time layer: [136.683, 136.684]
current L^2 error = 0.158713  14.5694  2.31235
current error: [0.158713]

/********* start new time layer 273001 *************/
current time layer: [137.186, 137.186]
current L^2 error = 0.158865  14.5694  2.31457
current error: [0.158865]

/********* start new time layer 274001 *************/
current time layer: [137.688, 137.689]
current L^2 error = 0.159016  14.5694  2.31676
current error: [0.159016]

/********* start new time layer 275001 *************/
current time layer: [138.191, 138.191]
current L^2 error = 0.159165  14.5694  2.31894
current error: [0.159165]

/********* start new time layer 276001 *************/
current time layer: [138.693, 138.694]
current L^2 error = 0.159314  14.5694  2.3211
current error: [0.159314]

/********* start new time layer 277001 *************/
current time layer: [139.196, 139.196]
current L^2 error = 0.159461  14.5694  2.32325
current error: [0.159461]

/********* start new time layer 278001 *************/
current time layer: [139.698, 139.699]
current L^2 error = 0.159608  14.5694  2.32538
current error: [0.159608]

/********* start new time layer 279001 *************/
current time layer: [140.201, 140.202]
current L^2 error = 0.159753  14.5694  2.3275
current error: [0.159753]

/********* start new time layer 280001 *************/
current time layer: [140.704, 140.704]
current L^2 error = 0.159897  14.5694  2.3296
current error: [0.159897]

/********* start new time layer 281001 *************/
current time layer: [141.206, 141.207]
current L^2 error = 0.16004  14.5694  2.33168
current error: [0.16004]

/********* start new time layer 282001 *************/
current time layer: [141.709, 141.709]
current L^2 error = 0.160181  14.5694  2.33374
current error: [0.160181]

/********* start new time layer 283001 *************/
current time layer: [142.211, 142.212]
current L^2 error = 0.160322  14.5694  2.33579
current error: [0.160322]

/********* start new time layer 284001 *************/
current time layer: [142.714, 142.714]
current L^2 error = 0.160461  14.5694  2.33782
current error: [0.160461]

/********* start new time layer 285001 *************/
current time layer: [143.216, 143.217]
current L^2 error = 0.160599  14.5694  2.33983
current error: [0.160599]

/********* start new time layer 286001 *************/
current time layer: [143.719, 143.719]
current L^2 error = 0.160736  14.5694  2.34183
current error: [0.160736]

/********* start new time layer 287001 *************/
current time layer: [144.221, 144.222]
current L^2 error = 0.160872  14.5694  2.34381
current error: [0.160872]

/********* start new time layer 288001 *************/
current time layer: [144.724, 144.724]
current L^2 error = 0.161007  14.5694  2.34577
current error: [0.161007]

/********* start new time layer 289001 *************/
current time layer: [145.226, 145.227]
current L^2 error = 0.161141  14.5694  2.34772
current error: [0.161141]

/********* start new time layer 290001 *************/
current time layer: [145.729, 145.729]
current L^2 error = 0.161273  14.5694  2.34964
current error: [0.161273]

/********* start new time layer 291001 *************/
current time layer: [146.231, 146.232]
current L^2 error = 0.161404  14.5694  2.35156
current error: [0.161404]

/********* start new time layer 292001 *************/
current time layer: [146.734, 146.734]
current L^2 error = 0.161534  14.5694  2.35345
current error: [0.161534]

/********* start new time layer 293001 *************/
current time layer: [147.236, 147.237]
current L^2 error = 0.161663  14.5694  2.35533
current error: [0.161663]

/********* start new time layer 294001 *************/
current time layer: [147.739, 147.739]
current L^2 error = 0.161791  14.5694  2.35719
current error: [0.161791]

/********* start new time layer 295001 *************/
current time layer: [148.241, 148.242]
current L^2 error = 0.161917  14.5694  2.35903
current error: [0.161917]

/********* start new time layer 296001 *************/
current time layer: [148.744, 148.744]
current L^2 error = 0.162042  14.5694  2.36086
current error: [0.162042]

/********* start new time layer 297001 *************/
current time layer: [149.246, 149.247]
current L^2 error = 0.162167  14.5694  2.36266
current error: [0.162167]

/********* start new time layer 298001 *************/
current time layer: [149.749, 149.749]
current L^2 error = 0.16229  14.5694  2.36446
current error: [0.16229]

/********* start new time layer 299001 *************/
current time layer: [150.251, 150.252]
current L^2 error = 0.162411  14.5694  2.36623
current error: [0.162411]

/********* start new time layer 300001 *************/
current time layer: [150.754, 150.754]
current L^2 error = 0.162532  14.5694  2.36799
current error: [0.162532]

/********* start new time layer 301001 *************/
current time layer: [151.256, 151.257]
current L^2 error = 0.162652  14.5694  2.36973
current error: [0.162652]

/********* start new time layer 302001 *************/
current time layer: [151.759, 151.759]
current L^2 error = 0.16277  14.5694  2.37146
current error: [0.16277]

/********* start new time layer 303001 *************/
current time layer: [152.261, 152.262]
current L^2 error = 0.162887  14.5694  2.37316
current error: [0.162887]

/********* start new time layer 304001 *************/
current time layer: [152.764, 152.764]
current L^2 error = 0.163003  14.5694  2.37485
current error: [0.163003]

/********* start new time layer 305001 *************/
current time layer: [153.266, 153.267]
current L^2 error = 0.163118  14.5694  2.37653
current error: [0.163118]

/********* start new time layer 306001 *************/
current time layer: [153.769, 153.769]
current L^2 error = 0.163232  14.5694  2.37819
current error: [0.163232]

/********* start new time layer 307001 *************/
current time layer: [154.271, 154.272]
current L^2 error = 0.163345  14.5694  2.37983
current error: [0.163345]

/********* start new time layer 308001 *************/
current time layer: [154.774, 154.774]
current L^2 error = 0.163456  14.5694  2.38145
current error: [0.163456]

/********* start new time layer 309001 *************/
current time layer: [155.276, 155.277]
current L^2 error = 0.163566  14.5694  2.38306
current error: [0.163566]

/********* start new time layer 310001 *************/
current time layer: [155.779, 155.779]
current L^2 error = 0.163676  14.5694  2.38465
current error: [0.163676]

/********* start new time layer 311001 *************/
current time layer: [156.281, 156.282]
current L^2 error = 0.163784  14.5694  2.38623
current error: [0.163784]

/********* start new time layer 312001 *************/
current time layer: [156.784, 156.784]
current L^2 error = 0.163891  14.5694  2.38779
current error: [0.163891]

/********* start new time layer 313001 *************/
current time layer: [157.286, 157.287]
current L^2 error = 0.163997  14.5694  2.38933
current error: [0.163997]

/********* start new time layer 314001 *************/
current time layer: [157.789, 157.789]
current L^2 error = 0.164102  14.5694  2.39086
current error: [0.164102]

/********* start new time layer 315001 *************/
current time layer: [158.291, 158.292]
current L^2 error = 0.164206  14.5694  2.39237
current error: [0.164206]

/********* start new time layer 316001 *************/
current time layer: [158.794, 158.794]
current L^2 error = 0.164308  14.5694  2.39387
current error: [0.164308]

/********* start new time layer 317001 *************/
current time layer: [159.296, 159.297]
current L^2 error = 0.16441  14.5694  2.39535
current error: [0.16441]

/********* start new time layer 318001 *************/
current time layer: [159.799, 159.799]
current L^2 error = 0.164511  14.5694  2.39682
current error: [0.164511]

/********* start new time layer 319001 *************/
current time layer: [160.302, 160.302]
current L^2 error = 0.16461  14.5694  2.39827
current error: [0.16461]

/********* start new time layer 320001 *************/
current time layer: [160.804, 160.805]
current L^2 error = 0.164709  14.5694  2.3997
current error: [0.164709]

/********* start new time layer 321001 *************/
current time layer: [161.307, 161.307]
current L^2 error = 0.164806  14.5694  2.40112
current error: [0.164806]

/********* start new time layer 322001 *************/
current time layer: [161.809, 161.81]
current L^2 error = 0.164903  14.5694  2.40253
current error: [0.164903]

/********* start new time layer 323001 *************/
current time layer: [162.312, 162.312]
current L^2 error = 0.164998  14.5694  2.40392
current error: [0.164998]

/********* start new time layer 324001 *************/
current time layer: [162.814, 162.815]
current L^2 error = 0.165092  14.5694  2.40529
current error: [0.165092]

/********* start new time layer 325001 *************/
current time layer: [163.317, 163.317]
current L^2 error = 0.165186  14.5694  2.40665
current error: [0.165186]

/********* start new time layer 326001 *************/
current time layer: [163.819, 163.82]
current L^2 error = 0.165278  14.5694  2.408
current error: [0.165278]

/********* start new time layer 327001 *************/
current time layer: [164.322, 164.322]
current L^2 error = 0.165369  14.5694  2.40933
current error: [0.165369]

/********* start new time layer 328001 *************/
current time layer: [164.824, 164.825]
current L^2 error = 0.16546  14.5694  2.41064
current error: [0.16546]

/********* start new time layer 329001 *************/
current time layer: [165.327, 165.327]
current L^2 error = 0.165549  14.5694  2.41194
current error: [0.165549]

/********* start new time layer 330001 *************/
current time layer: [165.829, 165.83]
current L^2 error = 0.165637  14.5694  2.41323
current error: [0.165637]

/********* start new time layer 331001 *************/
current time layer: [166.332, 166.332]
current L^2 error = 0.165725  14.5694  2.41451
current error: [0.165725]

/********* start new time layer 332001 *************/
current time layer: [166.834, 166.835]
current L^2 error = 0.165811  14.5694  2.41577
current error: [0.165811]

/********* start new time layer 333001 *************/
current time layer: [167.337, 167.337]
current L^2 error = 0.165897  14.5694  2.41701
current error: [0.165897]

/********* start new time layer 334001 *************/
current time layer: [167.839, 167.84]
current L^2 error = 0.165981  14.5694  2.41824
current error: [0.165981]

/********* start new time layer 335001 *************/
current time layer: [168.342, 168.342]
current L^2 error = 0.166065  14.5694  2.41946
current error: [0.166065]

/********* start new time layer 336001 *************/
current time layer: [168.844, 168.845]
current L^2 error = 0.166148  14.5694  2.42067
current error: [0.166148]

/********* start new time layer 337001 *************/
current time layer: [169.347, 169.347]
current L^2 error = 0.166229  14.5694  2.42186
current error: [0.166229]

/********* start new time layer 338001 *************/
current time layer: [169.849, 169.85]
current L^2 error = 0.16631  14.5694  2.42303
current error: [0.16631]

/********* start new time layer 339001 *************/
current time layer: [170.352, 170.352]
current L^2 error = 0.16639  14.5694  2.4242
current error: [0.16639]

/********* start new time layer 340001 *************/
current time layer: [170.854, 170.855]
current L^2 error = 0.166469  14.5694  2.42535
current error: [0.166469]

/********* start new time layer 341001 *************/
current time layer: [171.357, 171.357]
current L^2 error = 0.166547  14.5694  2.42649
current error: [0.166547]

/********* start new time layer 342001 *************/
current time layer: [171.859, 171.86]
current L^2 error = 0.166624  14.5694  2.42761
current error: [0.166624]

/********* start new time layer 343001 *************/
current time layer: [172.362, 172.362]
current L^2 error = 0.166701  14.5694  2.42873
current error: [0.166701]

/********* start new time layer 344001 *************/
current time layer: [172.864, 172.865]
current L^2 error = 0.166776  14.5694  2.42983
current error: [0.166776]

/********* start new time layer 345001 *************/
current time layer: [173.367, 173.367]
current L^2 error = 0.166851  14.5694  2.43092
current error: [0.166851]

/********* start new time layer 346001 *************/
current time layer: [173.869, 173.87]
current L^2 error = 0.166925  14.5694  2.43199
current error: [0.166925]

/********* start new time layer 347001 *************/
current time layer: [174.372, 174.372]
current L^2 error = 0.166998  14.5694  2.43305
current error: [0.166998]

/********* start new time layer 348001 *************/
current time layer: [174.874, 174.875]
current L^2 error = 0.16707  14.5694  2.4341
current error: [0.16707]

/********* start new time layer 349001 *************/
current time layer: [175.377, 175.377]
current L^2 error = 0.167141  14.5694  2.43514
current error: [0.167141]

/********* start new time layer 350001 *************/
current time layer: [175.879, 175.88]
current L^2 error = 0.167212  14.5694  2.43617
current error: [0.167212]

/********* start new time layer 351001 *************/
current time layer: [176.382, 176.382]
current L^2 error = 0.167281  14.5694  2.43719
current error: [0.167281]

/********* start new time layer 352001 *************/
current time layer: [176.884, 176.885]
current L^2 error = 0.16735  14.5694  2.43819
current error: [0.16735]

/********* start new time layer 353001 *************/
current time layer: [177.387, 177.387]
current L^2 error = 0.167418  14.5694  2.43918
current error: [0.167418]

/********* start new time layer 354001 *************/
current time layer: [177.889, 177.89]
current L^2 error = 0.167486  14.5694  2.44016
current error: [0.167486]

/********* start new time layer 355001 *************/
current time layer: [178.392, 178.392]
current L^2 error = 0.167552  14.5694  2.44113
current error: [0.167552]

/********* start new time layer 356001 *************/
current time layer: [178.894, 178.895]
current L^2 error = 0.167618  14.5694  2.44209
current error: [0.167618]

/********* start new time layer 357001 *************/
current time layer: [179.397, 179.397]
current L^2 error = 0.167683  14.5694  2.44303
current error: [0.167683]

/********* start new time layer 358001 *************/
current time layer: [179.899, 179.9]
current L^2 error = 0.167747  14.5694  2.44397
current error: [0.167747]

/********* start new time layer 359001 *************/
current time layer: [180.402, 180.403]
current L^2 error = 0.16781  14.5694  2.44489
current error: [0.16781]

/********* start new time layer 360001 *************/
current time layer: [180.905, 180.905]
current L^2 error = 0.167873  14.5694  2.44581
current error: [0.167873]

/********* start new time layer 361001 *************/
current time layer: [181.407, 181.408]
current L^2 error = 0.167935  14.5694  2.44671
current error: [0.167935]

/********* start new time layer 362001 *************/
current time layer: [181.91, 181.91]
current L^2 error = 0.167996  14.5694  2.4476
current error: [0.167996]

/********* start new time layer 363001 *************/
current time layer: [182.412, 182.413]
current L^2 error = 0.168057  14.5694  2.44848
current error: [0.168057]

/********* start new time layer 364001 *************/
current time layer: [182.915, 182.915]
current L^2 error = 0.168117  14.5694  2.44936
current error: [0.168117]

/********* start new time layer 365001 *************/
current time layer: [183.417, 183.418]
current L^2 error = 0.168176  14.5694  2.45022
current error: [0.168176]

/********* start new time layer 366001 *************/
current time layer: [183.92, 183.92]
current L^2 error = 0.168234  14.5694  2.45107
current error: [0.168234]

/********* start new time layer 367001 *************/
current time layer: [184.422, 184.423]
current L^2 error = 0.168292  14.5694  2.45191
current error: [0.168292]

/********* start new time layer 368001 *************/
current time layer: [184.925, 184.925]
current L^2 error = 0.168349  14.5694  2.45274
current error: [0.168349]

/********* start new time layer 369001 *************/
current time layer: [185.427, 185.428]
current L^2 error = 0.168405  14.5694  2.45356
current error: [0.168405]

/********* start new time layer 370001 *************/
current time layer: [185.93, 185.93]
current L^2 error = 0.168461  14.5694  2.45437
current error: [0.168461]

/********* start new time layer 371001 *************/
current time layer: [186.432, 186.433]
current L^2 error = 0.168516  14.5694  2.45517
current error: [0.168516]

/********* start new time layer 372001 *************/
current time layer: [186.935, 186.935]
current L^2 error = 0.16857  14.5694  2.45597
current error: [0.16857]

/********* start new time layer 373001 *************/
current time layer: [187.437, 187.438]
current L^2 error = 0.168624  14.5694  2.45675
current error: [0.168624]

/********* start new time layer 374001 *************/
current time layer: [187.94, 187.94]
current L^2 error = 0.168677  14.5694  2.45752
current error: [0.168677]

/********* start new time layer 375001 *************/
current time layer: [188.442, 188.443]
current L^2 error = 0.16873  14.5694  2.45829
current error: [0.16873]

/********* start new time layer 376001 *************/
current time layer: [188.945, 188.945]
current L^2 error = 0.168781  14.5694  2.45904
current error: [0.168781]

/********* start new time layer 377001 *************/
current time layer: [189.447, 189.448]
current L^2 error = 0.168833  14.5694  2.45979
current error: [0.168833]

/********* start new time layer 378001 *************/
current time layer: [189.95, 189.95]
current L^2 error = 0.168883  14.5694  2.46052
current error: [0.168883]

/********* start new time layer 379001 *************/
current time layer: [190.452, 190.453]
current L^2 error = 0.168933  14.5694  2.46125
current error: [0.168933]

/********* start new time layer 380001 *************/
current time layer: [190.955, 190.955]
current L^2 error = 0.168983  14.5694  2.46197
current error: [0.168983]

/********* start new time layer 381001 *************/
current time layer: [191.457, 191.458]
current L^2 error = 0.169031  14.5694  2.46268
current error: [0.169031]

/********* start new time layer 382001 *************/
current time layer: [191.96, 191.96]
current L^2 error = 0.16908  14.5694  2.46338
current error: [0.16908]

/********* start new time layer 383001 *************/
current time layer: [192.462, 192.463]
current L^2 error = 0.169127  14.5694  2.46408
current error: [0.169127]

/********* start new time layer 384001 *************/
current time layer: [192.965, 192.965]
current L^2 error = 0.169174  14.5694  2.46476
current error: [0.169174]

/********* start new time layer 385001 *************/
current time layer: [193.467, 193.468]
current L^2 error = 0.169221  14.5694  2.46544
current error: [0.169221]

/********* start new time layer 386001 *************/
current time layer: [193.97, 193.97]
current L^2 error = 0.169266  14.5694  2.46611
current error: [0.169266]

/********* start new time layer 387001 *************/
current time layer: [194.472, 194.473]
current L^2 error = 0.169312  14.5694  2.46677
current error: [0.169312]

/********* start new time layer 388001 *************/
current time layer: [194.975, 194.975]
current L^2 error = 0.169357  14.5694  2.46742
current error: [0.169357]

/********* start new time layer 389001 *************/
current time layer: [195.477, 195.478]
current L^2 error = 0.169401  14.5694  2.46806
current error: [0.169401]

/********* start new time layer 390001 *************/
current time layer: [195.98, 195.98]
current L^2 error = 0.169445  14.5694  2.4687
current error: [0.169445]

/********* start new time layer 391001 *************/
current time layer: [196.482, 196.483]
current L^2 error = 0.169488  14.5694  2.46933
current error: [0.169488]

/********* start new time layer 392001 *************/
current time layer: [196.985, 196.985]
current L^2 error = 0.16953  14.5694  2.46995
current error: [0.16953]

/********* start new time layer 393001 *************/
current time layer: [197.487, 197.488]
current L^2 error = 0.169573  14.5694  2.47057
current error: [0.169573]

/********* start new time layer 394001 *************/
current time layer: [197.99, 197.99]
current L^2 error = 0.169614  14.5694  2.47117
current error: [0.169614]

/********* start new time layer 395001 *************/
current time layer: [198.492, 198.493]
current L^2 error = 0.169655  14.5694  2.47177
current error: [0.169655]

/********* start new time layer 396001 *************/
current time layer: [198.995, 198.995]
current L^2 error = 0.169696  14.5694  2.47236
current error: [0.169696]

/********* start new time layer 397001 *************/
current time layer: [199.497, 199.498]
current L^2 error = 0.169736  14.5694  2.47295
current error: [0.169736]
current time layer: [199.999, 200.]
Total CPU time = 26080.
Last compute time = 0.0272932