nohup: 忽略输入

/********* start new time layer 1 *************/
current time layer: [0., 0.000502513]
current L^2 error = 0.992405  11.5615  11.4737
current error: [0.992405]

/********* start new time layer 1001 *************/
current time layer: [0.502513, 0.503015]
current L^2 error = 0.899887  11.5615  10.404
current error: [0.899887]

/********* start new time layer 2001 *************/
current time layer: [1.00503, 1.00553]
current L^2 error = 0.856573  11.5615  9.90327
current error: [0.856573]

/********* start new time layer 3001 *************/
current time layer: [1.50754, 1.50804]
current L^2 error = 0.826851  11.5615  9.55964
current error: [0.826851]

/********* start new time layer 4001 *************/
current time layer: [2.01005, 2.01055]
current L^2 error = 0.808131  11.5615  9.34321
current error: [0.808131]

/********* start new time layer 5001 *************/
current time layer: [2.51256, 2.51307]
current L^2 error = 0.792703  11.5615  9.16483
current error: [0.792703]

/********* start new time layer 6001 *************/
current time layer: [3.01508, 3.01558]
current L^2 error = 0.785442  11.5615  9.08089
current error: [0.785442]

/********* start new time layer 7001 *************/
current time layer: [3.51759, 3.51809]
current L^2 error = 0.782717  11.5615  9.04939
current error: [0.782717]

/********* start new time layer 8001 *************/
current time layer: [4.0201, 4.0206]
current L^2 error = 0.781677  11.5615  9.03736
current error: [0.781677]

/********* start new time layer 9001 *************/
current time layer: [4.52261, 4.52312]
current L^2 error = 0.784661  11.5615  9.07186
current error: [0.784661]

/********* start new time layer 10001 *************/
current time layer: [5.02513, 5.02563]
current L^2 error = 0.790238  11.5615  9.13633
current error: [0.790238]

/********* start new time layer 11001 *************/
current time layer: [5.52764, 5.52814]
current L^2 error = 0.796319  11.5615  9.20664
current error: [0.796319]

/********* start new time layer 12001 *************/
current time layer: [6.03015, 6.03065]
current L^2 error = 0.804192  11.5615  9.29767
current error: [0.804192]

/********* start new time layer 13001 *************/
current time layer: [6.53266, 6.53317]
current L^2 error = 0.813089  11.5615  9.40053
current error: [0.813089]

/********* start new time layer 14001 *************/
current time layer: [7.03518, 7.03568]
current L^2 error = 0.822096  11.5615  9.50467
current error: [0.822096]

/********* start new time layer 15001 *************/
current time layer: [7.53769, 7.53819]
current L^2 error = 0.831647  11.5615  9.61509
current error: [0.831647]

/********* start new time layer 16001 *************/
current time layer: [8.0402, 8.0407]
current L^2 error = 0.841316  11.5615  9.72688
current error: [0.841316]

/********* start new time layer 17001 *************/
current time layer: [8.54271, 8.54322]
current L^2 error = 0.850817  11.5615  9.83672
current error: [0.850817]

/********* start new time layer 18001 *************/
current time layer: [9.04523, 9.04573]
current L^2 error = 0.860244  11.5615  9.94571
current error: [0.860244]

/********* start new time layer 19001 *************/
current time layer: [9.54774, 9.54824]
current L^2 error = 0.869351  11.5615  10.051
current error: [0.869351]

/********* start new time layer 20001 *************/
current time layer: [10.0503, 10.0508]
current L^2 error = 0.878087  11.5615  10.152
current error: [0.878087]

/********* start new time layer 21001 *************/
current time layer: [10.5528, 10.5533]
current L^2 error = 0.88647  11.5615  10.2489
current error: [0.88647]

/********* start new time layer 22001 *************/
current time layer: [11.0553, 11.0558]
current L^2 error = 0.894344  11.5615  10.34
current error: [0.894344]

/********* start new time layer 23001 *************/
current time layer: [11.5578, 11.5583]
current L^2 error = 0.901725  11.5615  10.4253
current error: [0.901725]

/********* start new time layer 24001 *************/
current time layer: [12.0603, 12.0608]
current L^2 error = 0.908611  11.5615  10.5049
current error: [0.908611]

/********* start new time layer 25001 *************/
current time layer: [12.5628, 12.5633]
current L^2 error = 0.914926  11.5615  10.5779
current error: [0.914926]

/********* start new time layer 26001 *************/
current time layer: [13.0653, 13.0658]
current L^2 error = 0.920705  11.5615  10.6447
current error: [0.920705]

/********* start new time layer 27001 *************/
current time layer: [13.5678, 13.5683]
current L^2 error = 0.92595  11.5615  10.7054
current error: [0.92595]

/********* start new time layer 28001 *************/
current time layer: [14.0704, 14.0709]
current L^2 error = 0.930636  11.5615  10.7595
current error: [0.930636]

/********* start new time layer 29001 *************/
current time layer: [14.5729, 14.5734]
current L^2 error = 0.934789  11.5615  10.8076
current error: [0.934789]

/********* start new time layer 30001 *************/
current time layer: [15.0754, 15.0759]
current L^2 error = 0.938415  11.5615  10.8495
current error: [0.938415]

/********* start new time layer 31001 *************/
current time layer: [15.5779, 15.5784]
current L^2 error = 0.941516  11.5615  10.8853
current error: [0.941516]

/********* start new time layer 32001 *************/
current time layer: [16.0804, 16.0809]
current L^2 error = 0.944117  11.5615  10.9154
current error: [0.944117]

/********* start new time layer 33001 *************/
current time layer: [16.5829, 16.5834]
current L^2 error = 0.946236  11.5615  10.9399
current error: [0.946236]

/********* start new time layer 34001 *************/
current time layer: [17.0854, 17.0859]
current L^2 error = 0.947888  11.5615  10.959
current error: [0.947888]

/********* start new time layer 35001 *************/
current time layer: [17.5879, 17.5884]
current L^2 error = 0.949098  11.5615  10.973
current error: [0.949098]

/********* start new time layer 36001 *************/
current time layer: [18.0905, 18.091]
current L^2 error = 0.94988  11.5615  10.982
current error: [0.94988]

/********* start new time layer 37001 *************/
current time layer: [18.593, 18.5935]
current L^2 error = 0.950254  11.5615  10.9864
current error: [0.950254]

/********* start new time layer 38001 *************/
current time layer: [19.0955, 19.096]
current L^2 error = 0.950243  11.5615  10.9862
current error: [0.950243]

/********* start new time layer 39001 *************/
current time layer: [19.598, 19.5985]
current L^2 error = 0.949865  11.5615  10.9819
current error: [0.949865]

/********* start new time layer 40001 *************/
current time layer: [20.1005, 20.101]
current L^2 error = 0.949145  11.5615  10.9735
current error: [0.949145]

/********* start new time layer 41001 *************/
current time layer: [20.603, 20.6035]
current L^2 error = 0.948103  11.5615  10.9615
current error: [0.948103]

/********* start new time layer 42001 *************/
current time layer: [21.1055, 21.106]
current L^2 error = 0.94676  11.5615  10.946
current error: [0.94676]

/********* start new time layer 43001 *************/
current time layer: [21.608, 21.6085]
current L^2 error = 0.945134  11.5615  10.9272
current error: [0.945134]

/********* start new time layer 44001 *************/
current time layer: [22.1106, 22.1111]
current L^2 error = 0.943243  11.5615  10.9053
current error: [0.943243]

/********* start new time layer 45001 *************/
current time layer: [22.6131, 22.6136]
current L^2 error = 0.941105  11.5615  10.8806
current error: [0.941105]

/********* start new time layer 46001 *************/
current time layer: [23.1156, 23.1161]
current L^2 error = 0.938741  11.5615  10.8533
current error: [0.938741]

/********* start new time layer 47001 *************/
current time layer: [23.6181, 23.6186]
current L^2 error = 0.936168  11.5615  10.8235
current error: [0.936168]

/********* start new time layer 48001 *************/
current time layer: [24.1206, 24.1211]
current L^2 error = 0.933404  11.5615  10.7915
current error: [0.933404]

/********* start new time layer 49001 *************/
current time layer: [24.6231, 24.6236]
current L^2 error = 0.930464  11.5615  10.7576
current error: [0.930464]

/********* start new time layer 50001 *************/
current time layer: [25.1256, 25.1261]
current L^2 error = 0.927362  11.5615  10.7217
current error: [0.927362]

/********* start new time layer 51001 *************/
current time layer: [25.6281, 25.6286]
current L^2 error = 0.924113  11.5615  10.6841
current error: [0.924113]

/********* start new time layer 52001 *************/
current time layer: [26.1307, 26.1312]
current L^2 error = 0.92073  11.5615  10.645
current error: [0.92073]

/********* start new time layer 53001 *************/
current time layer: [26.6332, 26.6337]
current L^2 error = 0.917228  11.5615  10.6045
current error: [0.917228]

/********* start new time layer 54001 *************/
current time layer: [27.1357, 27.1362]
current L^2 error = 0.91362  11.5615  10.5628
current error: [0.91362]

/********* start new time layer 55001 *************/
current time layer: [27.6382, 27.6387]
current L^2 error = 0.909917  11.5615  10.52
current error: [0.909917]

/********* start new time layer 56001 *************/
current time layer: [28.1407, 28.1412]
current L^2 error = 0.90613  11.5615  10.4762
current error: [0.90613]

/********* start new time layer 57001 *************/
current time layer: [28.6432, 28.6437]
current L^2 error = 0.90227  11.5615  10.4316
current error: [0.90227]

/********* start new time layer 58001 *************/
current time layer: [29.1457, 29.1462]
current L^2 error = 0.898345  11.5615  10.3862
current error: [0.898345]

/********* start new time layer 59001 *************/
current time layer: [29.6482, 29.6487]
current L^2 error = 0.894365  11.5615  10.3402
current error: [0.894365]

/********* start new time layer 60001 *************/
current time layer: [30.1508, 30.1513]
current L^2 error = 0.890339  11.5615  10.2937
current error: [0.890339]

/********* start new time layer 61001 *************/
current time layer: [30.6533, 30.6538]
current L^2 error = 0.886275  11.5615  10.2467
current error: [0.886275]

/********* start new time layer 62001 *************/
current time layer: [31.1558, 31.1563]
current L^2 error = 0.882182  11.5615  10.1994
current error: [0.882182]

/********* start new time layer 63001 *************/
current time layer: [31.6583, 31.6588]
current L^2 error = 0.878066  11.5615  10.1518
current error: [0.878066]

/********* start new time layer 64001 *************/
current time layer: [32.1608, 32.1613]
current L^2 error = 0.873932  11.5615  10.104
current error: [0.873932]

/********* start new time layer 65001 *************/
current time layer: [32.6633, 32.6638]
current L^2 error = 0.869787  11.5615  10.056
current error: [0.869787]

/********* start new time layer 66001 *************/
current time layer: [33.1658, 33.1663]
current L^2 error = 0.865636  11.5615  10.008
current error: [0.865636]

/********* start new time layer 67001 *************/
current time layer: [33.6683, 33.6688]
current L^2 error = 0.861484  11.5615  9.96005
current error: [0.861484]

/********* start new time layer 68001 *************/
current time layer: [34.1709, 34.1714]
current L^2 error = 0.857338  11.5615  9.91212
current error: [0.857338]

/********* start new time layer 69001 *************/
current time layer: [34.6734, 34.6739]
current L^2 error = 0.853202  11.5615  9.86429
current error: [0.853202]

/********* start new time layer 70001 *************/
current time layer: [35.1759, 35.1764]
current L^2 error = 0.849078  11.5615  9.81662
current error: [0.849078]

/********* start new time layer 71001 *************/
current time layer: [35.6784, 35.6789]
current L^2 error = 0.844971  11.5615  9.76913
current error: [0.844971]

/********* start new time layer 72001 *************/
current time layer: [36.1809, 36.1814]
current L^2 error = 0.840883  11.5615  9.72187
current error: [0.840883]

/********* start new time layer 73001 *************/
current time layer: [36.6834, 36.6839]
current L^2 error = 0.836818  11.5615  9.67488
current error: [0.836818]

/********* start new time layer 74001 *************/
current time layer: [37.1859, 37.1864]
current L^2 error = 0.832779  11.5615  9.62818
current error: [0.832779]

/********* start new time layer 75001 *************/
current time layer: [37.6884, 37.6889]
current L^2 error = 0.82877  11.5615  9.58182
current error: [0.82877]

/********* start new time layer 76001 *************/
current time layer: [38.191, 38.1915]
current L^2 error = 0.824791  11.5615  9.53583
current error: [0.824791]

/********* start new time layer 77001 *************/
current time layer: [38.6935, 38.694]
current L^2 error = 0.820846  11.5615  9.49021
current error: [0.820846]

/********* start new time layer 78001 *************/
current time layer: [39.196, 39.1965]
current L^2 error = 0.816935  11.5615  9.44499
current error: [0.816935]

/********* start new time layer 79001 *************/
current time layer: [39.6985, 39.699]
current L^2 error = 0.81306  11.5615  9.40019
current error: [0.81306]

/********* start new time layer 80001 *************/
current time layer: [40.201, 40.2015]
current L^2 error = 0.809222  11.5615  9.35583
current error: [0.809222]

/********* start new time layer 81001 *************/
current time layer: [40.7035, 40.704]
current L^2 error = 0.805425  11.5615  9.31192
current error: [0.805425]

/********* start new time layer 82001 *************/
current time layer: [41.206, 41.2065]
current L^2 error = 0.801668  11.5615  9.26849
current error: [0.801668]

/********* start new time layer 83001 *************/
current time layer: [41.7085, 41.709]
current L^2 error = 0.797953  11.5615  9.22554
current error: [0.797953]

/********* start new time layer 84001 *************/
current time layer: [42.2111, 42.2116]
current L^2 error = 0.79428  11.5615  9.18308
current error: [0.79428]

/********* start new time layer 85001 *************/
current time layer: [42.7136, 42.7141]
current L^2 error = 0.790651  11.5615  9.14111
current error: [0.790651]

/********* start new time layer 86001 *************/
current time layer: [43.2161, 43.2166]
current L^2 error = 0.787064  11.5615  9.09965
current error: [0.787064]

/********* start new time layer 87001 *************/
current time layer: [43.7186, 43.7191]
current L^2 error = 0.783522  11.5615  9.0587
current error: [0.783522]

/********* start new time layer 88001 *************/
current time layer: [44.2211, 44.2216]
current L^2 error = 0.780025  11.5615  9.01826
current error: [0.780025]

/********* start new time layer 89001 *************/
current time layer: [44.7236, 44.7241]
current L^2 error = 0.776573  11.5615  8.97836
current error: [0.776573]

/********* start new time layer 90001 *************/
current time layer: [45.2261, 45.2266]
current L^2 error = 0.773167  11.5615  8.93897
current error: [0.773167]

/********* start new time layer 91001 *************/
current time layer: [45.7286, 45.7291]
current L^2 error = 0.769806  11.5615  8.90012
current error: [0.769806]

/********* start new time layer 92001 *************/
current time layer: [46.2312, 46.2317]
current L^2 error = 0.766491  11.5615  8.86179
current error: [0.766491]

/********* start new time layer 93001 *************/
current time layer: [46.7337, 46.7342]
current L^2 error = 0.763221  11.5615  8.82398
current error: [0.763221]

/********* start new time layer 94001 *************/
current time layer: [47.2362, 47.2367]
current L^2 error = 0.759996  11.5615  8.7867
current error: [0.759996]

/********* start new time layer 95001 *************/
current time layer: [47.7387, 47.7392]
current L^2 error = 0.756817  11.5615  8.74994
current error: [0.756817]

/********* start new time layer 96001 *************/
current time layer: [48.2412, 48.2417]
current L^2 error = 0.753684  11.5615  8.71372
current error: [0.753684]

/********* start new time layer 97001 *************/
current time layer: [48.7437, 48.7442]
current L^2 error = 0.750595  11.5615  8.67801
current error: [0.750595]

/********* start new time layer 98001 *************/
current time layer: [49.2462, 49.2467]
current L^2 error = 0.747552  11.5615  8.64283
current error: [0.747552]

/********* start new time layer 99001 *************/
current time layer: [49.7487, 49.7492]
current L^2 error = 0.744553  11.5615  8.60815
current error: [0.744553]

/********* start new time layer 100001 *************/
current time layer: [50.2513, 50.2518]
current L^2 error = 0.741598  11.5615  8.57399
current error: [0.741598]

/********* start new time layer 101001 *************/
current time layer: [50.7538, 50.7543]
current L^2 error = 0.738687  11.5615  8.54034
current error: [0.738687]

/********* start new time layer 102001 *************/
current time layer: [51.2563, 51.2568]
current L^2 error = 0.73582  11.5615  8.50719
current error: [0.73582]

/********* start new time layer 103001 *************/
current time layer: [51.7588, 51.7593]
current L^2 error = 0.732997  11.5615  8.47454
current error: [0.732997]

/********* start new time layer 104001 *************/
current time layer: [52.2613, 52.2618]
current L^2 error = 0.730216  11.5615  8.44239
current error: [0.730216]

/********* start new time layer 105001 *************/
current time layer: [52.7638, 52.7643]
current L^2 error = 0.727477  11.5615  8.41073
current error: [0.727477]

/********* start new time layer 106001 *************/
current time layer: [53.2663, 53.2668]
current L^2 error = 0.72478  11.5615  8.37955
current error: [0.72478]

/********* start new time layer 107001 *************/
current time layer: [53.7688, 53.7693]
current L^2 error = 0.722124  11.5615  8.34884
current error: [0.722124]

/********* start new time layer 108001 *************/
current time layer: [54.2714, 54.2719]
current L^2 error = 0.719509  11.5615  8.31861
current error: [0.719509]

/********* start new time layer 109001 *************/
current time layer: [54.7739, 54.7744]
current L^2 error = 0.716935  11.5615  8.28885
current error: [0.716935]

/********* start new time layer 110001 *************/
current time layer: [55.2764, 55.2769]
current L^2 error = 0.714401  11.5615  8.25955
current error: [0.714401]

/********* start new time layer 111001 *************/
current time layer: [55.7789, 55.7794]
current L^2 error = 0.711906  11.5615  8.2307
current error: [0.711906]

/********* start new time layer 112001 *************/
current time layer: [56.2814, 56.2819]
current L^2 error = 0.70945  11.5615  8.20231
current error: [0.70945]

/********* start new time layer 113001 *************/
current time layer: [56.7839, 56.7844]
current L^2 error = 0.707032  11.5615  8.17435
current error: [0.707032]

/********* start new time layer 114001 *************/
current time layer: [57.2864, 57.2869]
current L^2 error = 0.704652  11.5615  8.14683
current error: [0.704652]

/********* start new time layer 115001 *************/
current time layer: [57.7889, 57.7894]
current L^2 error = 0.702309  11.5615  8.11974
current error: [0.702309]

/********* start new time layer 116001 *************/
current time layer: [58.2915, 58.292]
current L^2 error = 0.700003  11.5615  8.09308
current error: [0.700003]

/********* start new time layer 117001 *************/
current time layer: [58.794, 58.7945]
current L^2 error = 0.697733  11.5615  8.06684
current error: [0.697733]

/********* start new time layer 118001 *************/
current time layer: [59.2965, 59.297]
current L^2 error = 0.695498  11.5615  8.041
current error: [0.695498]

/********* start new time layer 119001 *************/
current time layer: [59.799, 59.7995]
current L^2 error = 0.693299  11.5615  8.01558
current error: [0.693299]

/********* start new time layer 120001 *************/
current time layer: [60.3015, 60.302]
current L^2 error = 0.691134  11.5615  7.99055
current error: [0.691134]

/********* start new time layer 121001 *************/
current time layer: [60.804, 60.8045]
current L^2 error = 0.689003  11.5615  7.96591
current error: [0.689003]

/********* start new time layer 122001 *************/
current time layer: [61.3065, 61.307]
current L^2 error = 0.686905  11.5615  7.94166
current error: [0.686905]

/********* start new time layer 123001 *************/
current time layer: [61.809, 61.8095]
current L^2 error = 0.684841  11.5615  7.91779
current error: [0.684841]

/********* start new time layer 124001 *************/
current time layer: [62.3116, 62.3121]
current L^2 error = 0.682809  11.5615  7.8943
current error: [0.682809]

/********* start new time layer 125001 *************/
current time layer: [62.8141, 62.8146]
current L^2 error = 0.680809  11.5615  7.87117
current error: [0.680809]

/********* start new time layer 126001 *************/
current time layer: [63.3166, 63.3171]
current L^2 error = 0.67884  11.5615  7.84841
current error: [0.67884]

/********* start new time layer 127001 *************/
current time layer: [63.8191, 63.8196]
current L^2 error = 0.676901  11.5615  7.826
current error: [0.676901]

/********* start new time layer 128001 *************/
current time layer: [64.3216, 64.3221]
current L^2 error = 0.674994  11.5615  7.80394
current error: [0.674994]

/********* start new time layer 129001 *************/
current time layer: [64.8241, 64.8246]
current L^2 error = 0.673116  11.5615  7.78223
current error: [0.673116]

/********* start new time layer 130001 *************/
current time layer: [65.3266, 65.3271]
current L^2 error = 0.671267  11.5615  7.76085
current error: [0.671267]

/********* start new time layer 131001 *************/
current time layer: [65.8291, 65.8296]
current L^2 error = 0.669447  11.5615  7.73982
current error: [0.669447]

/********* start new time layer 132001 *************/
current time layer: [66.3317, 66.3322]
current L^2 error = 0.667656  11.5615  7.7191
current error: [0.667656]

/********* start new time layer 133001 *************/
current time layer: [66.8342, 66.8347]
current L^2 error = 0.665892  11.5615  7.69872
current error: [0.665892]

/********* start new time layer 134001 *************/
current time layer: [67.3367, 67.3372]
current L^2 error = 0.664156  11.5615  7.67864
current error: [0.664156]

/********* start new time layer 135001 *************/
current time layer: [67.8392, 67.8397]
current L^2 error = 0.662447  11.5615  7.65888
current error: [0.662447]

/********* start new time layer 136001 *************/
current time layer: [68.3417, 68.3422]
current L^2 error = 0.660764  11.5615  7.63943
current error: [0.660764]

/********* start new time layer 137001 *************/
current time layer: [68.8442, 68.8447]
current L^2 error = 0.659108  11.5615  7.62027
current error: [0.659108]

/********* start new time layer 138001 *************/
current time layer: [69.3467, 69.3472]
current L^2 error = 0.657477  11.5615  7.60142
current error: [0.657477]

/********* start new time layer 139001 *************/
current time layer: [69.8492, 69.8497]
current L^2 error = 0.655871  11.5615  7.58285
current error: [0.655871]

/********* start new time layer 140001 *************/
current time layer: [70.3518, 70.3523]
current L^2 error = 0.65429  11.5615  7.56457
current error: [0.65429]

/********* start new time layer 141001 *************/
current time layer: [70.8543, 70.8548]
current L^2 error = 0.652733  11.5615  7.54657
current error: [0.652733]

/********* start new time layer 142001 *************/
current time layer: [71.3568, 71.3573]
current L^2 error = 0.6512  11.5615  7.52885
current error: [0.6512]

/********* start new time layer 143001 *************/
current time layer: [71.8593, 71.8598]
current L^2 error = 0.649691  11.5615  7.5114
current error: [0.649691]

/********* start new time layer 144001 *************/
current time layer: [72.3618, 72.3623]
current L^2 error = 0.648204  11.5615  7.49422
current error: [0.648204]

/********* start new time layer 145001 *************/
current time layer: [72.8643, 72.8648]
current L^2 error = 0.646741  11.5615  7.4773
current error: [0.646741]

/********* start new time layer 146001 *************/
current time layer: [73.3668, 73.3673]
current L^2 error = 0.6453  11.5615  7.46063
current error: [0.6453]

/********* start new time layer 147001 *************/
current time layer: [73.8693, 73.8698]
current L^2 error = 0.64388  11.5615  7.44422
current error: [0.64388]

/********* start new time layer 148001 *************/
current time layer: [74.3719, 74.3724]
current L^2 error = 0.642483  11.5615  7.42806
current error: [0.642483]

/********* start new time layer 149001 *************/
current time layer: [74.8744, 74.8749]
current L^2 error = 0.641106  11.5615  7.41215
current error: [0.641106]

/********* start new time layer 150001 *************/
current time layer: [75.3769, 75.3774]
current L^2 error = 0.63975  11.5615  7.39648
current error: [0.63975]

/********* start new time layer 151001 *************/
current time layer: [75.8794, 75.8799]
current L^2 error = 0.638415  11.5615  7.38104
current error: [0.638415]

/********* start new time layer 152001 *************/
current time layer: [76.3819, 76.3824]
current L^2 error = 0.6371  11.5615  7.36584
current error: [0.6371]

/********* start new time layer 153001 *************/
current time layer: [76.8844, 76.8849]
current L^2 error = 0.635805  11.5615  7.35086
current error: [0.635805]

/********* start new time layer 154001 *************/
current time layer: [77.3869, 77.3874]
current L^2 error = 0.634529  11.5615  7.33611
current error: [0.634529]

/********* start new time layer 155001 *************/
current time layer: [77.8894, 77.8899]
current L^2 error = 0.633273  11.5615  7.32159
current error: [0.633273]

/********* start new time layer 156001 *************/
current time layer: [78.392, 78.3925]
current L^2 error = 0.632035  11.5615  7.30727
current error: [0.632035]

/********* start new time layer 157001 *************/
current time layer: [78.8945, 78.895]
current L^2 error = 0.630816  11.5615  7.29318
current error: [0.630816]

/********* start new time layer 158001 *************/
current time layer: [79.397, 79.3975]
current L^2 error = 0.629615  11.5615  7.27929
current error: [0.629615]

/********* start new time layer 159001 *************/
current time layer: [79.8995, 79.9]
current L^2 error = 0.628432  11.5615  7.26562
current error: [0.628432]

/********* start new time layer 160001 *************/
current time layer: [80.402, 80.4025]
current L^2 error = 0.627266  11.5615  7.25214
current error: [0.627266]

/********* start new time layer 161001 *************/
current time layer: [80.9045, 80.905]
current L^2 error = 0.626118  11.5615  7.23886
current error: [0.626118]

/********* start new time layer 162001 *************/
current time layer: [81.407, 81.4075]
current L^2 error = 0.624987  11.5615  7.22579
current error: [0.624987]

/********* start new time layer 163001 *************/
current time layer: [81.9095, 81.9101]
current L^2 error = 0.623872  11.5615  7.2129
current error: [0.623872]

/********* start new time layer 164001 *************/
current time layer: [82.4121, 82.4126]
current L^2 error = 0.622774  11.5615  7.20021
current error: [0.622774]

/********* start new time layer 165001 *************/
current time layer: [82.9146, 82.9151]
current L^2 error = 0.621692  11.5615  7.1877
current error: [0.621692]

/********* start new time layer 166001 *************/
current time layer: [83.4171, 83.4176]
current L^2 error = 0.620627  11.5615  7.17538
current error: [0.620627]

/********* start new time layer 167001 *************/
current time layer: [83.9196, 83.9201]
current L^2 error = 0.619576  11.5615  7.16323
current error: [0.619576]

/********* start new time layer 168001 *************/
current time layer: [84.4221, 84.4226]
current L^2 error = 0.618541  11.5615  7.15127
current error: [0.618541]

/********* start new time layer 169001 *************/
current time layer: [84.9246, 84.9251]
current L^2 error = 0.617522  11.5615  7.13948
current error: [0.617522]

/********* start new time layer 170001 *************/
current time layer: [85.4271, 85.4276]
current L^2 error = 0.616517  11.5615  7.12786
current error: [0.616517]

/********* start new time layer 171001 *************/
current time layer: [85.9296, 85.9302]
current L^2 error = 0.615527  11.5615  7.11641
current error: [0.615527]

/********* start new time layer 172001 *************/
current time layer: [86.4322, 86.4327]
current L^2 error = 0.614551  11.5615  7.10513
current error: [0.614551]

/********* start new time layer 173001 *************/
current time layer: [86.9347, 86.9352]
current L^2 error = 0.613589  11.5615  7.09401
current error: [0.613589]

/********* start new time layer 174001 *************/
current time layer: [87.4372, 87.4377]
current L^2 error = 0.612642  11.5615  7.08306
current error: [0.612642]

/********* start new time layer 175001 *************/
current time layer: [87.9397, 87.9402]
current L^2 error = 0.611708  11.5615  7.07226
current error: [0.611708]

/********* start new time layer 176001 *************/
current time layer: [88.4422, 88.4427]
current L^2 error = 0.610787  11.5615  7.06162
current error: [0.610787]

/********* start new time layer 177001 *************/
current time layer: [88.9447, 88.9452]
current L^2 error = 0.60988  11.5615  7.05113
current error: [0.60988]

/********* start new time layer 178001 *************/
current time layer: [89.4472, 89.4477]
current L^2 error = 0.608986  11.5615  7.04079
current error: [0.608986]

/********* start new time layer 179001 *************/
current time layer: [89.9497, 89.9503]
current L^2 error = 0.608105  11.5615  7.0306
current error: [0.608105]

/********* start new time layer 180001 *************/
current time layer: [90.4523, 90.4528]
current L^2 error = 0.607236  11.5615  7.02056
current error: [0.607236]

/********* start new time layer 181001 *************/
current time layer: [90.9548, 90.9553]
current L^2 error = 0.60638  11.5615  7.01066
current error: [0.60638]

/********* start new time layer 182001 *************/
current time layer: [91.4573, 91.4578]
current L^2 error = 0.605536  11.5615  7.00091
current error: [0.605536]

/********* start new time layer 183001 *************/
current time layer: [91.9598, 91.9603]
current L^2 error = 0.604704  11.5615  6.99129
current error: [0.604704]

/********* start new time layer 184001 *************/
current time layer: [92.4623, 92.4628]
current L^2 error = 0.603884  11.5615  6.98181
current error: [0.603884]

/********* start new time layer 185001 *************/
current time layer: [92.9648, 92.9653]
current L^2 error = 0.603076  11.5615  6.97246
current error: [0.603076]

/********* start new time layer 186001 *************/
current time layer: [93.4673, 93.4678]
current L^2 error = 0.602279  11.5615  6.96325
current error: [0.602279]

/********* start new time layer 187001 *************/
current time layer: [93.9698, 93.9704]
current L^2 error = 0.601493  11.5615  6.95417
current error: [0.601493]

/********* start new time layer 188001 *************/
current time layer: [94.4724, 94.4729]
current L^2 error = 0.600719  11.5615  6.94521
current error: [0.600719]

/********* start new time layer 189001 *************/
current time layer: [94.9749, 94.9754]
current L^2 error = 0.599955  11.5615  6.93639
current error: [0.599955]

/********* start new time layer 190001 *************/
current time layer: [95.4774, 95.4779]
current L^2 error = 0.599203  11.5615  6.92768
current error: [0.599203]

/********* start new time layer 191001 *************/
current time layer: [95.9799, 95.9804]
current L^2 error = 0.598461  11.5615  6.9191
current error: [0.598461]

/********* start new time layer 192001 *************/
current time layer: [96.4824, 96.4829]
current L^2 error = 0.597729  11.5615  6.91064
current error: [0.597729]

/********* start new time layer 193001 *************/
current time layer: [96.9849, 96.9854]
current L^2 error = 0.597008  11.5615  6.9023
current error: [0.597008]

/********* start new time layer 194001 *************/
current time layer: [97.4874, 97.4879]
current L^2 error = 0.596296  11.5615  6.89408
current error: [0.596296]

/********* start new time layer 195001 *************/
current time layer: [97.9899, 97.9905]
current L^2 error = 0.595595  11.5615  6.88597
current error: [0.595595]

/********* start new time layer 196001 *************/
current time layer: [98.4925, 98.493]
current L^2 error = 0.594903  11.5615  6.87798
current error: [0.594903]

/********* start new time layer 197001 *************/
current time layer: [98.995, 98.9955]
current L^2 error = 0.594222  11.5615  6.87009
current error: [0.594222]

/********* start new time layer 198001 *************/
current time layer: [99.4975, 99.498]
current L^2 error = 0.593549  11.5615  6.86232
current error: [0.593549]

/********* start new time layer 199001 *************/
current time layer: [100., 100.001]
current L^2 error = 0.592886  11.5615  6.85465
current error: [0.592886]

/********* start new time layer 200001 *************/
current time layer: [100.503, 100.503]
current L^2 error = 0.592232  11.5615  6.8471
current error: [0.592232]

/********* start new time layer 201001 *************/
current time layer: [101.005, 101.006]
current L^2 error = 0.591588  11.5615  6.83964
current error: [0.591588]

/********* start new time layer 202001 *************/
current time layer: [101.508, 101.508]
current L^2 error = 0.590952  11.5615  6.83229
current error: [0.590952]

/********* start new time layer 203001 *************/
current time layer: [102.01, 102.011]
current L^2 error = 0.590325  11.5615  6.82504
current error: [0.590325]

/********* start new time layer 204001 *************/
current time layer: [102.513, 102.513]
current L^2 error = 0.589706  11.5615  6.81789
current error: [0.589706]

/********* start new time layer 205001 *************/
current time layer: [103.015, 103.016]
current L^2 error = 0.589096  11.5615  6.81084
current error: [0.589096]

/********* start new time layer 206001 *************/
current time layer: [103.518, 103.518]
current L^2 error = 0.588495  11.5615  6.80389
current error: [0.588495]

/********* start new time layer 207001 *************/
current time layer: [104.02, 104.021]
current L^2 error = 0.587902  11.5615  6.79703
current error: [0.587902]

/********* start new time layer 208001 *************/
current time layer: [104.523, 104.523]
current L^2 error = 0.587317  11.5615  6.79026
current error: [0.587317]

/********* start new time layer 209001 *************/
current time layer: [105.025, 105.026]
current L^2 error = 0.58674  11.5615  6.78359
current error: [0.58674]

/********* start new time layer 210001 *************/
current time layer: [105.528, 105.528]
current L^2 error = 0.586171  11.5615  6.77701
current error: [0.586171]

/********* start new time layer 211001 *************/
current time layer: [106.03, 106.031]
current L^2 error = 0.585609  11.5615  6.77052
current error: [0.585609]

/********* start new time layer 212001 *************/
current time layer: [106.533, 106.533]
current L^2 error = 0.585055  11.5615  6.76412
current error: [0.585055]

/********* start new time layer 213001 *************/
current time layer: [107.035, 107.036]
current L^2 error = 0.584509  11.5615  6.75781
current error: [0.584509]

/********* start new time layer 214001 *************/
current time layer: [107.538, 107.538]
current L^2 error = 0.583971  11.5615  6.75158
current error: [0.583971]

/********* start new time layer 215001 *************/
current time layer: [108.04, 108.041]
current L^2 error = 0.583439  11.5615  6.74543
current error: [0.583439]

/********* start new time layer 216001 *************/
current time layer: [108.543, 108.543]
current L^2 error = 0.582915  11.5615  6.73937
current error: [0.582915]

/********* start new time layer 217001 *************/
current time layer: [109.045, 109.046]
current L^2 error = 0.582398  11.5615  6.73339
current error: [0.582398]

/********* start new time layer 218001 *************/
current time layer: [109.548, 109.548]
current L^2 error = 0.581888  11.5615  6.72749
current error: [0.581888]

/********* start new time layer 219001 *************/
current time layer: [110.05, 110.051]
current L^2 error = 0.581384  11.5615  6.72168
current error: [0.581384]

/********* start new time layer 220001 *************/
current time layer: [110.553, 110.553]
current L^2 error = 0.580888  11.5615  6.71594
current error: [0.580888]

/********* start new time layer 221001 *************/
current time layer: [111.055, 111.056]
current L^2 error = 0.580398  11.5615  6.71027
current error: [0.580398]

/********* start new time layer 222001 *************/
current time layer: [111.558, 111.558]
current L^2 error = 0.579915  11.5615  6.70469
current error: [0.579915]

/********* start new time layer 223001 *************/
current time layer: [112.06, 112.061]
current L^2 error = 0.579438  11.5615  6.69918
current error: [0.579438]

/********* start new time layer 224001 *************/
current time layer: [112.563, 112.563]
current L^2 error = 0.578968  11.5615  6.69374
current error: [0.578968]

/********* start new time layer 225001 *************/
current time layer: [113.065, 113.066]
current L^2 error = 0.578504  11.5615  6.68837
current error: [0.578504]

/********* start new time layer 226001 *************/
current time layer: [113.568, 113.568]
current L^2 error = 0.578046  11.5615  6.68308
current error: [0.578046]

/********* start new time layer 227001 *************/
current time layer: [114.07, 114.071]
current L^2 error = 0.577594  11.5615  6.67786
current error: [0.577594]

/********* start new time layer 228001 *************/
current time layer: [114.573, 114.573]
current L^2 error = 0.577149  11.5615  6.67271
current error: [0.577149]

/********* start new time layer 229001 *************/
current time layer: [115.075, 115.076]
current L^2 error = 0.576709  11.5615  6.66762
current error: [0.576709]

/********* start new time layer 230001 *************/
current time layer: [115.578, 115.578]
current L^2 error = 0.576275  11.5615  6.66261
current error: [0.576275]

/********* start new time layer 231001 *************/
current time layer: [116.08, 116.081]
current L^2 error = 0.575847  11.5615  6.65766
current error: [0.575847]

/********* start new time layer 232001 *************/
current time layer: [116.583, 116.583]
current L^2 error = 0.575424  11.5615  6.65277
current error: [0.575424]

/********* start new time layer 233001 *************/
current time layer: [117.085, 117.086]
current L^2 error = 0.575008  11.5615  6.64795
current error: [0.575008]

/********* start new time layer 234001 *************/
current time layer: [117.588, 117.588]
current L^2 error = 0.574596  11.5615  6.6432
current error: [0.574596]

/********* start new time layer 235001 *************/
current time layer: [118.09, 118.091]
current L^2 error = 0.57419  11.5615  6.6385
current error: [0.57419]

/********* start new time layer 236001 *************/
current time layer: [118.593, 118.593]
current L^2 error = 0.57379  11.5615  6.63387
current error: [0.57379]

/********* start new time layer 237001 *************/
current time layer: [119.095, 119.096]
current L^2 error = 0.573395  11.5615  6.6293
current error: [0.573395]

/********* start new time layer 238001 *************/
current time layer: [119.598, 119.598]
current L^2 error = 0.573005  11.5615  6.62479
current error: [0.573005]

/********* start new time layer 239001 *************/
current time layer: [120.101, 120.101]
current L^2 error = 0.57262  11.5615  6.62034
current error: [0.57262]

/********* start new time layer 240001 *************/
current time layer: [120.603, 120.604]
current L^2 error = 0.57224  11.5615  6.61595
current error: [0.57224]

/********* start new time layer 241001 *************/
current time layer: [121.106, 121.106]
current L^2 error = 0.571865  11.5615  6.61162
current error: [0.571865]

/********* start new time layer 242001 *************/
current time layer: [121.608, 121.609]
current L^2 error = 0.571495  11.5615  6.60734
current error: [0.571495]

/********* start new time layer 243001 *************/
current time layer: [122.111, 122.111]
current L^2 error = 0.57113  11.5615  6.60312
current error: [0.57113]

/********* start new time layer 244001 *************/
current time layer: [122.613, 122.614]
current L^2 error = 0.570769  11.5615  6.59895
current error: [0.570769]

/********* start new time layer 245001 *************/
current time layer: [123.116, 123.116]
current L^2 error = 0.570414  11.5615  6.59484
current error: [0.570414]

/********* start new time layer 246001 *************/
current time layer: [123.618, 123.619]
current L^2 error = 0.570063  11.5615  6.59078
current error: [0.570063]

/********* start new time layer 247001 *************/
current time layer: [124.121, 124.121]
current L^2 error = 0.569716  11.5615  6.58678
current error: [0.569716]

/********* start new time layer 248001 *************/
current time layer: [124.623, 124.624]
current L^2 error = 0.569374  11.5615  6.58282
current error: [0.569374]

/********* start new time layer 249001 *************/
current time layer: [125.126, 125.126]
current L^2 error = 0.569037  11.5615  6.57892
current error: [0.569037]

/********* start new time layer 250001 *************/
current time layer: [125.628, 125.629]
current L^2 error = 0.568704  11.5615  6.57507
current error: [0.568704]

/********* start new time layer 251001 *************/
current time layer: [126.131, 126.131]
current L^2 error = 0.568375  11.5615  6.57127
current error: [0.568375]

/********* start new time layer 252001 *************/
current time layer: [126.633, 126.634]
current L^2 error = 0.56805  11.5615  6.56752
current error: [0.56805]

/********* start new time layer 253001 *************/
current time layer: [127.136, 127.136]
current L^2 error = 0.56773  11.5615  6.56381
current error: [0.56773]

/********* start new time layer 254001 *************/
current time layer: [127.638, 127.639]
current L^2 error = 0.567414  11.5615  6.56016
current error: [0.567414]

/********* start new time layer 255001 *************/
current time layer: [128.141, 128.141]
current L^2 error = 0.567102  11.5615  6.55655
current error: [0.567102]

/********* start new time layer 256001 *************/
current time layer: [128.643, 128.644]
current L^2 error = 0.566794  11.5615  6.55299
current error: [0.566794]

/********* start new time layer 257001 *************/
current time layer: [129.146, 129.146]
current L^2 error = 0.56649  11.5615  6.54947
current error: [0.56649]

/********* start new time layer 258001 *************/
current time layer: [129.648, 129.649]
current L^2 error = 0.566189  11.5615  6.546
current error: [0.566189]

/********* start new time layer 259001 *************/
current time layer: [130.151, 130.151]
current L^2 error = 0.565893  11.5615  6.54257
current error: [0.565893]

/********* start new time layer 260001 *************/
current time layer: [130.653, 130.654]
current L^2 error = 0.5656  11.5615  6.53919
current error: [0.5656]

/********* start new time layer 261001 *************/
current time layer: [131.156, 131.156]
current L^2 error = 0.565312  11.5615  6.53585
current error: [0.565312]

/********* start new time layer 262001 *************/
current time layer: [131.658, 131.659]
current L^2 error = 0.565027  11.5615  6.53256
current error: [0.565027]

/********* start new time layer 263001 *************/
current time layer: [132.161, 132.161]
current L^2 error = 0.564745  11.5615  6.5293
current error: [0.564745]

/********* start new time layer 264001 *************/
current time layer: [132.663, 132.664]
current L^2 error = 0.564467  11.5615  6.52609
current error: [0.564467]

/********* start new time layer 265001 *************/
current time layer: [133.166, 133.166]
current L^2 error = 0.564193  11.5615  6.52292
current error: [0.564193]

/********* start new time layer 266001 *************/
current time layer: [133.668, 133.669]
current L^2 error = 0.563922  11.5615  6.51979
current error: [0.563922]

/********* start new time layer 267001 *************/
current time layer: [134.171, 134.171]
current L^2 error = 0.563655  11.5615  6.5167
current error: [0.563655]

/********* start new time layer 268001 *************/
current time layer: [134.673, 134.674]
current L^2 error = 0.563391  11.5615  6.51364
current error: [0.563391]

/********* start new time layer 269001 *************/
current time layer: [135.176, 135.176]
current L^2 error = 0.56313  11.5615  6.51063
current error: [0.56313]

/********* start new time layer 270001 *************/
current time layer: [135.678, 135.679]
current L^2 error = 0.562873  11.5615  6.50766
current error: [0.562873]

/********* start new time layer 271001 *************/
current time layer: [136.181, 136.181]
current L^2 error = 0.562619  11.5615  6.50472
current error: [0.562619]

/********* start new time layer 272001 *************/
current time layer: [136.683, 136.684]
current L^2 error = 0.562368  11.5615  6.50182
current error: [0.562368]

/********* start new time layer 273001 *************/
current time layer: [137.186, 137.186]
current L^2 error = 0.56212  11.5615  6.49896
current error: [0.56212]

/********* start new time layer 274001 *************/
current time layer: [137.688, 137.689]
current L^2 error = 0.561876  11.5615  6.49613
current error: [0.561876]

/********* start new time layer 275001 *************/
current time layer: [138.191, 138.191]
current L^2 error = 0.561635  11.5615  6.49334
current error: [0.561635]

/********* start new time layer 276001 *************/
current time layer: [138.693, 138.694]
current L^2 error = 0.561396  11.5615  6.49058
current error: [0.561396]

/********* start new time layer 277001 *************/
current time layer: [139.196, 139.196]
current L^2 error = 0.561161  11.5615  6.48786
current error: [0.561161]

/********* start new time layer 278001 *************/
current time layer: [139.698, 139.699]
current L^2 error = 0.560928  11.5615  6.48518
current error: [0.560928]

/********* start new time layer 279001 *************/
current time layer: [140.201, 140.202]
current L^2 error = 0.560699  11.5615  6.48252
current error: [0.560699]

/********* start new time layer 280001 *************/
current time layer: [140.704, 140.704]
current L^2 error = 0.560472  11.5615  6.4799
current error: [0.560472]

/********* start new time layer 281001 *************/
current time layer: [141.206, 141.207]
current L^2 error = 0.560249  11.5615  6.47732
current error: [0.560249]

/********* start new time layer 282001 *************/
current time layer: [141.709, 141.709]
current L^2 error = 0.560028  11.5615  6.47476
current error: [0.560028]

/********* start new time layer 283001 *************/
current time layer: [142.211, 142.212]
current L^2 error = 0.55981  11.5615  6.47224
current error: [0.55981]

/********* start new time layer 284001 *************/
current time layer: [142.714, 142.714]
current L^2 error = 0.559594  11.5615  6.46975
current error: [0.559594]

/********* start new time layer 285001 *************/
current time layer: [143.216, 143.217]
current L^2 error = 0.559381  11.5615  6.46729
current error: [0.559381]

/********* start new time layer 286001 *************/
current time layer: [143.719, 143.719]
current L^2 error = 0.559171  11.5615  6.46486
current error: [0.559171]

/********* start new time layer 287001 *************/
current time layer: [144.221, 144.222]
current L^2 error = 0.558964  11.5615  6.46246
current error: [0.558964]

/********* start new time layer 288001 *************/
current time layer: [144.724, 144.724]
current L^2 error = 0.558759  11.5615  6.4601
current error: [0.558759]

/********* start new time layer 289001 *************/
current time layer: [145.226, 145.227]
current L^2 error = 0.558557  11.5615  6.45776
current error: [0.558557]

/********* start new time layer 290001 *************/
current time layer: [145.729, 145.729]
current L^2 error = 0.558357  11.5615  6.45545
current error: [0.558357]

/********* start new time layer 291001 *************/
current time layer: [146.231, 146.232]
current L^2 error = 0.55816  11.5615  6.45317
current error: [0.55816]

/********* start new time layer 292001 *************/
current time layer: [146.734, 146.734]
current L^2 error = 0.557965  11.5615  6.45091
current error: [0.557965]

/********* start new time layer 293001 *************/
current time layer: [147.236, 147.237]
current L^2 error = 0.557773  11.5615  6.44869
current error: [0.557773]

/********* start new time layer 294001 *************/
current time layer: [147.739, 147.739]
current L^2 error = 0.557583  11.5615  6.44649
current error: [0.557583]

/********* start new time layer 295001 *************/
current time layer: [148.241, 148.242]
current L^2 error = 0.557395  11.5615  6.44432
current error: [0.557395]

/********* start new time layer 296001 *************/
current time layer: [148.744, 148.744]
current L^2 error = 0.55721  11.5615  6.44218
current error: [0.55721]

/********* start new time layer 297001 *************/
current time layer: [149.246, 149.247]
current L^2 error = 0.557027  11.5615  6.44006
current error: [0.557027]

/********* start new time layer 298001 *************/
current time layer: [149.749, 149.749]
current L^2 error = 0.556846  11.5615  6.43797
current error: [0.556846]

/********* start new time layer 299001 *************/
current time layer: [150.251, 150.252]
current L^2 error = 0.556667  11.5615  6.43591
current error: [0.556667]

/********* start new time layer 300001 *************/
current time layer: [150.754, 150.754]
current L^2 error = 0.556491  11.5615  6.43387
current error: [0.556491]

/********* start new time layer 301001 *************/
current time layer: [151.256, 151.257]
current L^2 error = 0.556317  11.5615  6.43186
current error: [0.556317]

/********* start new time layer 302001 *************/
current time layer: [151.759, 151.759]
current L^2 error = 0.556145  11.5615  6.42987
current error: [0.556145]

/********* start new time layer 303001 *************/
current time layer: [152.261, 152.262]
current L^2 error = 0.555975  11.5615  6.42791
current error: [0.555975]

/********* start new time layer 304001 *************/
current time layer: [152.764, 152.764]
current L^2 error = 0.555807  11.5615  6.42597
current error: [0.555807]

/********* start new time layer 305001 *************/
current time layer: [153.266, 153.267]
current L^2 error = 0.555642  11.5615  6.42405
current error: [0.555642]

/********* start new time layer 306001 *************/
current time layer: [153.769, 153.769]
current L^2 error = 0.555478  11.5615  6.42216
current error: [0.555478]

/********* start new time layer 307001 *************/
current time layer: [154.271, 154.272]
current L^2 error = 0.555316  11.5615  6.42029
current error: [0.555316]

/********* start new time layer 308001 *************/
current time layer: [154.774, 154.774]
current L^2 error = 0.555157  11.5615  6.41844
current error: [0.555157]

/********* start new time layer 309001 *************/
current time layer: [155.276, 155.277]
current L^2 error = 0.554999  11.5615  6.41662
current error: [0.554999]

/********* start new time layer 310001 *************/
current time layer: [155.779, 155.779]
current L^2 error = 0.554843  11.5615  6.41482
current error: [0.554843]

/********* start new time layer 311001 *************/
current time layer: [156.281, 156.282]
current L^2 error = 0.554689  11.5615  6.41304
current error: [0.554689]

/********* start new time layer 312001 *************/
current time layer: [156.784, 156.784]
current L^2 error = 0.554537  11.5615  6.41128
current error: [0.554537]

/********* start new time layer 313001 *************/
current time layer: [157.286, 157.287]
current L^2 error = 0.554387  11.5615  6.40955
current error: [0.554387]

/********* start new time layer 314001 *************/
current time layer: [157.789, 157.789]
current L^2 error = 0.554239  11.5615  6.40784
current error: [0.554239]

/********* start new time layer 315001 *************/
current time layer: [158.291, 158.292]
current L^2 error = 0.554093  11.5615  6.40614
current error: [0.554093]

/********* start new time layer 316001 *************/
current time layer: [158.794, 158.794]
current L^2 error = 0.553948  11.5615  6.40447
current error: [0.553948]

/********* start new time layer 317001 *************/
current time layer: [159.296, 159.297]
current L^2 error = 0.553805  11.5615  6.40282
current error: [0.553805]

/********* start new time layer 318001 *************/
current time layer: [159.799, 159.799]
current L^2 error = 0.553664  11.5615  6.40119
current error: [0.553664]

/********* start new time layer 319001 *************/
current time layer: [160.302, 160.302]
current L^2 error = 0.553524  11.5615  6.39957
current error: [0.553524]

/********* start new time layer 320001 *************/
current time layer: [160.804, 160.805]
current L^2 error = 0.553387  11.5615  6.39798
current error: [0.553387]

/********* start new time layer 321001 *************/
current time layer: [161.307, 161.307]
current L^2 error = 0.553251  11.5615  6.39641
current error: [0.553251]

/********* start new time layer 322001 *************/
current time layer: [161.809, 161.81]
current L^2 error = 0.553116  11.5615  6.39485
current error: [0.553116]

/********* start new time layer 323001 *************/
current time layer: [162.312, 162.312]
current L^2 error = 0.552983  11.5615  6.39332
current error: [0.552983]

/********* start new time layer 324001 *************/
current time layer: [162.814, 162.815]
current L^2 error = 0.552852  11.5615  6.3918
current error: [0.552852]

/********* start new time layer 325001 *************/
current time layer: [163.317, 163.317]
current L^2 error = 0.552723  11.5615  6.3903
current error: [0.552723]

/********* start new time layer 326001 *************/
current time layer: [163.819, 163.82]
current L^2 error = 0.552595  11.5615  6.38882
current error: [0.552595]

/********* start new time layer 327001 *************/
current time layer: [164.322, 164.322]
current L^2 error = 0.552468  11.5615  6.38736
current error: [0.552468]

/********* start new time layer 328001 *************/
current time layer: [164.824, 164.825]
current L^2 error = 0.552343  11.5615  6.38592
current error: [0.552343]

/********* start new time layer 329001 *************/
current time layer: [165.327, 165.327]
current L^2 error = 0.55222  11.5615  6.38449
current error: [0.55222]

/********* start new time layer 330001 *************/
current time layer: [165.829, 165.83]
current L^2 error = 0.552098  11.5615  6.38308
current error: [0.552098]

/********* start new time layer 331001 *************/
current time layer: [166.332, 166.332]
current L^2 error = 0.551978  11.5615  6.38169
current error: [0.551978]

/********* start new time layer 332001 *************/
current time layer: [166.834, 166.835]
current L^2 error = 0.551859  11.5615  6.38032
current error: [0.551859]

/********* start new time layer 333001 *************/
current time layer: [167.337, 167.337]
current L^2 error = 0.551741  11.5615  6.37896
current error: [0.551741]

/********* start new time layer 334001 *************/
current time layer: [167.839, 167.84]
current L^2 error = 0.551625  11.5615  6.37761
current error: [0.551625]

/********* start new time layer 335001 *************/
current time layer: [168.342, 168.342]
current L^2 error = 0.55151  11.5615  6.37629
current error: [0.55151]

/********* start new time layer 336001 *************/
current time layer: [168.844, 168.845]
current L^2 error = 0.551397  11.5615  6.37498
current error: [0.551397]

/********* start new time layer 337001 *************/
current time layer: [169.347, 169.347]
current L^2 error = 0.551285  11.5615  6.37368
current error: [0.551285]

/********* start new time layer 338001 *************/
current time layer: [169.849, 169.85]
current L^2 error = 0.551174  11.5615  6.3724
current error: [0.551174]

/********* start new time layer 339001 *************/
current time layer: [170.352, 170.352]
current L^2 error = 0.551065  11.5615  6.37114
current error: [0.551065]

/********* start new time layer 340001 *************/
current time layer: [170.854, 170.855]
current L^2 error = 0.550957  11.5615  6.36989
current error: [0.550957]

/********* start new time layer 341001 *************/
current time layer: [171.357, 171.357]
current L^2 error = 0.550851  11.5615  6.36866
current error: [0.550851]

/********* start new time layer 342001 *************/
current time layer: [171.859, 171.86]
current L^2 error = 0.550745  11.5615  6.36744
current error: [0.550745]

/********* start new time layer 343001 *************/
current time layer: [172.362, 172.362]
current L^2 error = 0.550641  11.5615  6.36624
current error: [0.550641]

/********* start new time layer 344001 *************/
current time layer: [172.864, 172.865]
current L^2 error = 0.550538  11.5615  6.36505
current error: [0.550538]

/********* start new time layer 345001 *************/
current time layer: [173.367, 173.367]
current L^2 error = 0.550437  11.5615  6.36387
current error: [0.550437]

/********* start new time layer 346001 *************/
current time layer: [173.869, 173.87]
current L^2 error = 0.550336  11.5615  6.36271
current error: [0.550336]

/********* start new time layer 347001 *************/
current time layer: [174.372, 174.372]
current L^2 error = 0.550237  11.5615  6.36157
current error: [0.550237]

/********* start new time layer 348001 *************/
current time layer: [174.874, 174.875]
current L^2 error = 0.550139  11.5615  6.36043
current error: [0.550139]

/********* start new time layer 349001 *************/
current time layer: [175.377, 175.377]
current L^2 error = 0.550042  11.5615  6.35931
current error: [0.550042]

/********* start new time layer 350001 *************/
current time layer: [175.879, 175.88]
current L^2 error = 0.549946  11.5615  6.35821
current error: [0.549946]

/********* start new time layer 351001 *************/
current time layer: [176.382, 176.382]
current L^2 error = 0.549852  11.5615  6.35711
current error: [0.549852]

/********* start new time layer 352001 *************/
current time layer: [176.884, 176.885]
current L^2 error = 0.549758  11.5615  6.35603
current error: [0.549758]

/********* start new time layer 353001 *************/
current time layer: [177.387, 177.387]
current L^2 error = 0.549666  11.5615  6.35497
current error: [0.549666]

/********* start new time layer 354001 *************/
current time layer: [177.889, 177.89]
current L^2 error = 0.549575  11.5615  6.35391
current error: [0.549575]

/********* start new time layer 355001 *************/
current time layer: [178.392, 178.392]
current L^2 error = 0.549485  11.5615  6.35287
current error: [0.549485]

/********* start new time layer 356001 *************/
current time layer: [178.894, 178.895]
current L^2 error = 0.549396  11.5615  6.35184
current error: [0.549396]

/********* start new time layer 357001 *************/
current time layer: [179.397, 179.397]
current L^2 error = 0.549308  11.5615  6.35083
current error: [0.549308]

/********* start new time layer 358001 *************/
current time layer: [179.899, 179.9]
current L^2 error = 0.549221  11.5615  6.34982
current error: [0.549221]

/********* start new time layer 359001 *************/
current time layer: [180.402, 180.403]
current L^2 error = 0.549135  11.5615  6.34883
current error: [0.549135]

/********* start new time layer 360001 *************/
current time layer: [180.905, 180.905]
current L^2 error = 0.54905  11.5615  6.34785
current error: [0.54905]

/********* start new time layer 361001 *************/
current time layer: [181.407, 181.408]
current L^2 error = 0.548967  11.5615  6.34688
current error: [0.548967]

/********* start new time layer 362001 *************/
current time layer: [181.91, 181.91]
current L^2 error = 0.548884  11.5615  6.34592
current error: [0.548884]

/********* start new time layer 363001 *************/
current time layer: [182.412, 182.413]
current L^2 error = 0.548802  11.5615  6.34497
current error: [0.548802]

/********* start new time layer 364001 *************/
current time layer: [182.915, 182.915]
current L^2 error = 0.548721  11.5615  6.34404
current error: [0.548721]

/********* start new time layer 365001 *************/
current time layer: [183.417, 183.418]
current L^2 error = 0.548641  11.5615  6.34311
current error: [0.548641]

/********* start new time layer 366001 *************/
current time layer: [183.92, 183.92]
current L^2 error = 0.548562  11.5615  6.3422
current error: [0.548562]

/********* start new time layer 367001 *************/
current time layer: [184.422, 184.423]
current L^2 error = 0.548484  11.5615  6.3413
current error: [0.548484]

/********* start new time layer 368001 *************/
current time layer: [184.925, 184.925]
current L^2 error = 0.548407  11.5615  6.34041
current error: [0.548407]

/********* start new time layer 369001 *************/
current time layer: [185.427, 185.428]
current L^2 error = 0.548331  11.5615  6.33953
current error: [0.548331]

/********* start new time layer 370001 *************/
current time layer: [185.93, 185.93]
current L^2 error = 0.548255  11.5615  6.33866
current error: [0.548255]

/********* start new time layer 371001 *************/
current time layer: [186.432, 186.433]
current L^2 error = 0.548181  11.5615  6.3378
current error: [0.548181]

/********* start new time layer 372001 *************/
current time layer: [186.935, 186.935]
current L^2 error = 0.548108  11.5615  6.33695
current error: [0.548108]

/********* start new time layer 373001 *************/
current time layer: [187.437, 187.438]
current L^2 error = 0.548035  11.5615  6.33611
current error: [0.548035]

/********* start new time layer 374001 *************/
current time layer: [187.94, 187.94]
current L^2 error = 0.547963  11.5615  6.33528
current error: [0.547963]

/********* start new time layer 375001 *************/
current time layer: [188.442, 188.443]
current L^2 error = 0.547892  11.5615  6.33446
current error: [0.547892]

/********* start new time layer 376001 *************/
current time layer: [188.945, 188.945]
current L^2 error = 0.547822  11.5615  6.33365
current error: [0.547822]

/********* start new time layer 377001 *************/
current time layer: [189.447, 189.448]
current L^2 error = 0.547753  11.5615  6.33285
current error: [0.547753]

/********* start new time layer 378001 *************/
current time layer: [189.95, 189.95]
current L^2 error = 0.547684  11.5615  6.33206
current error: [0.547684]

/********* start new time layer 379001 *************/
current time layer: [190.452, 190.453]
current L^2 error = 0.547617  11.5615  6.33127
current error: [0.547617]

/********* start new time layer 380001 *************/
current time layer: [190.955, 190.955]
current L^2 error = 0.54755  11.5615  6.3305
current error: [0.54755]

/********* start new time layer 381001 *************/
current time layer: [191.457, 191.458]
current L^2 error = 0.547484  11.5615  6.32974
current error: [0.547484]

/********* start new time layer 382001 *************/
current time layer: [191.96, 191.96]
current L^2 error = 0.547419  11.5615  6.32898
current error: [0.547419]

/********* start new time layer 383001 *************/
current time layer: [192.462, 192.463]
current L^2 error = 0.547354  11.5615  6.32824
current error: [0.547354]

/********* start new time layer 384001 *************/
current time layer: [192.965, 192.965]
current L^2 error = 0.54729  11.5615  6.3275
current error: [0.54729]

/********* start new time layer 385001 *************/
current time layer: [193.467, 193.468]
current L^2 error = 0.547228  11.5615  6.32677
current error: [0.547228]

/********* start new time layer 386001 *************/
current time layer: [193.97, 193.97]
current L^2 error = 0.547165  11.5615  6.32605
current error: [0.547165]

/********* start new time layer 387001 *************/
current time layer: [194.472, 194.473]
current L^2 error = 0.547104  11.5615  6.32534
current error: [0.547104]

/********* start new time layer 388001 *************/
current time layer: [194.975, 194.975]
current L^2 error = 0.547043  11.5615  6.32464
current error: [0.547043]

/********* start new time layer 389001 *************/
current time layer: [195.477, 195.478]
current L^2 error = 0.546983  11.5615  6.32394
current error: [0.546983]

/********* start new time layer 390001 *************/
current time layer: [195.98, 195.98]
current L^2 error = 0.546924  11.5615  6.32326
current error: [0.546924]

/********* start new time layer 391001 *************/
current time layer: [196.482, 196.483]
current L^2 error = 0.546865  11.5615  6.32258
current error: [0.546865]

/********* start new time layer 392001 *************/
current time layer: [196.985, 196.985]
current L^2 error = 0.546807  11.5615  6.32191
current error: [0.546807]

/********* start new time layer 393001 *************/
current time layer: [197.487, 197.488]
current L^2 error = 0.54675  11.5615  6.32125
current error: [0.54675]

/********* start new time layer 394001 *************/
current time layer: [197.99, 197.99]
current L^2 error = 0.546693  11.5615  6.32059
current error: [0.546693]

/********* start new time layer 395001 *************/
current time layer: [198.492, 198.493]
current L^2 error = 0.546637  11.5615  6.31995
current error: [0.546637]

/********* start new time layer 396001 *************/
current time layer: [198.995, 198.995]
current L^2 error = 0.546582  11.5615  6.31931
current error: [0.546582]

/********* start new time layer 397001 *************/
current time layer: [199.497, 199.498]
current L^2 error = 0.546527  11.5615  6.31868
current error: [0.546527]
current time layer: [199.999, 200.]
Total CPU time = 9020.55
Last compute time = 0.0147977
